Connecting to database specified by database.yml
Connecting to database specified by database.yml
  [1m[36m (0.2ms)[0m  [1mselect sqlite_version(*)[0m
  [1m[35m (2.7ms)[0m  CREATE TABLE "schema_migrations" ("version" varchar(255) NOT NULL) 
  [1m[36m (0.1ms)[0m  [1mPRAGMA index_list("schema_migrations")[0m
  [1m[35m (1.1ms)[0m  CREATE UNIQUE INDEX "unique_schema_migrations" ON "schema_migrations" ("version")
  [1m[36m (0.5ms)[0m  [1mSELECT "schema_migrations"."version" FROM "schema_migrations" [0m
Migrating to CreateUsers (20121029192333)
  [1m[35m (0.2ms)[0m  begin transaction
  [1m[36m (0.5ms)[0m  [1mCREATE TABLE "users" ("id" INTEGER PRIMARY KEY AUTOINCREMENT NOT NULL, "name" varchar(255), "email" varchar(255), "encrypted_password" varchar(255), "salt" varchar(255), "created_at" datetime NOT NULL, "updated_at" datetime NOT NULL) [0m
  [1m[35m (0.1ms)[0m  INSERT INTO "schema_migrations" ("version") VALUES ('20121029192333')
  [1m[36m (3.0ms)[0m  [1mcommit transaction[0m
  [1m[35m (0.4ms)[0m  select sqlite_version(*)
  [1m[36m (0.3ms)[0m  [1mSELECT "schema_migrations"."version" FROM "schema_migrations" [0m
  [1m[35m (0.2ms)[0m  PRAGMA index_list("users")


Started GET "/user/new" for 127.0.0.1 at 2012-10-29 20:38:40 +0100
Connecting to database specified by database.yml

ActionController::RoutingError (No route matches [GET] "/user/new"):
  actionpack (3.2.8) lib/action_dispatch/middleware/debug_exceptions.rb:21:in `call'
  actionpack (3.2.8) lib/action_dispatch/middleware/show_exceptions.rb:56:in `call'
  railties (3.2.8) lib/rails/rack/logger.rb:26:in `call_app'
  railties (3.2.8) lib/rails/rack/logger.rb:16:in `call'
  actionpack (3.2.8) lib/action_dispatch/middleware/request_id.rb:22:in `call'
  rack (1.4.1) lib/rack/methodoverride.rb:21:in `call'
  rack (1.4.1) lib/rack/runtime.rb:17:in `call'
  activesupport (3.2.8) lib/active_support/cache/strategy/local_cache.rb:72:in `call'
  rack (1.4.1) lib/rack/lock.rb:15:in `call'
  actionpack (3.2.8) lib/action_dispatch/middleware/static.rb:62:in `call'
  railties (3.2.8) lib/rails/engine.rb:479:in `call'
  railties (3.2.8) lib/rails/application.rb:223:in `call'
  rack (1.4.1) lib/rack/content_length.rb:14:in `call'
  railties (3.2.8) lib/rails/rack/log_tailer.rb:17:in `call'
  rack (1.4.1) lib/rack/handler/webrick.rb:59:in `service'
  /Users/Blacks85/.rvm/rubies/ruby-1.9.3-p286/lib/ruby/1.9.1/webrick/httpserver.rb:138:in `service'
  /Users/Blacks85/.rvm/rubies/ruby-1.9.3-p286/lib/ruby/1.9.1/webrick/httpserver.rb:94:in `run'
  /Users/Blacks85/.rvm/rubies/ruby-1.9.3-p286/lib/ruby/1.9.1/webrick/server.rb:191:in `block in start_thread'


  Rendered /Users/Blacks85/.rvm/gems/ruby-1.9.3-p286/gems/actionpack-3.2.8/lib/action_dispatch/middleware/templates/rescues/routing_error.erb within rescues/layout (6.9ms)


Started GET "/users/new" for 127.0.0.1 at 2012-10-29 20:38:45 +0100

SyntaxError (/Users/Blacks85/Sites/User_Auth/app/models/user.rb:17: syntax error, unexpected tASSOC, expecting keyword_end
							:length => { :in => 6..20 }
							          ^):
  app/controllers/users_controller.rb:1:in `<top (required)>'


  Rendered /Users/Blacks85/.rvm/gems/ruby-1.9.3-p286/gems/actionpack-3.2.8/lib/action_dispatch/middleware/templates/rescues/_trace.erb (2.1ms)
  Rendered /Users/Blacks85/.rvm/gems/ruby-1.9.3-p286/gems/actionpack-3.2.8/lib/action_dispatch/middleware/templates/rescues/_request_and_response.erb (22.7ms)
  Rendered /Users/Blacks85/.rvm/gems/ruby-1.9.3-p286/gems/actionpack-3.2.8/lib/action_dispatch/middleware/templates/rescues/diagnostics.erb within rescues/layout (36.8ms)


Started GET "/users/new" for 127.0.0.1 at 2012-10-29 20:39:01 +0100
Processing by UsersController#new as HTML
  Rendered users/new.html.erb within layouts/application (27.4ms)
Completed 500 Internal Server Error in 93ms

ActionView::Template::Error (undefined local variable or method `create' for #<#<Class:0x007fbd18c7d030>:0x007fbd18c82530>):
    1: <% @page_title = "UserAuth | Signup" %>
    2: <div class= "Sign_Form">
    3: 	<h1>Sign Up</h1>
    4: 	<%= form_for(:user, :url => {:controller => 'users', :action => create}) do |f| %>
    5: 		<p> Username:</br> 
    6: 		<%= f.text_field :username%> </p>
    7: 		<p> Email:</br> 
  app/views/users/new.html.erb:4:in `_app_views_users_new_html_erb___3126870445536987852_70225070656000'


  Rendered /Users/Blacks85/.rvm/gems/ruby-1.9.3-p286/gems/actionpack-3.2.8/lib/action_dispatch/middleware/templates/rescues/_trace.erb (25.3ms)
  Rendered /Users/Blacks85/.rvm/gems/ruby-1.9.3-p286/gems/actionpack-3.2.8/lib/action_dispatch/middleware/templates/rescues/_request_and_response.erb (1.4ms)
  Rendered /Users/Blacks85/.rvm/gems/ruby-1.9.3-p286/gems/actionpack-3.2.8/lib/action_dispatch/middleware/templates/rescues/template_error.erb within rescues/layout (36.9ms)


Started GET "/users/new" for 127.0.0.1 at 2012-10-29 20:39:47 +0100
Processing by UsersController#new as HTML
  Rendered users/new.html.erb within layouts/application (2.7ms)
Completed 500 Internal Server Error in 5ms

ActionView::Template::Error (undefined method `username' for #<User:0x007fbd1bc17390>):
    3: 	<h1>Sign Up</h1>
    4: 	<%= form_for(:user, :url => {:controller => 'users', :action => 'create'}) do |f| %>
    5: 		<p> Username:</br> 
    6: 		<%= f.text_field :username%> </p>
    7: 		<p> Email:</br> 
    8: 		<%= f.text_field :email%> </p>
    9: 		<p> Password:</br> 
  app/views/users/new.html.erb:6:in `block in _app_views_users_new_html_erb___3126870445536987852_70225095798660'
  app/views/users/new.html.erb:4:in `_app_views_users_new_html_erb___3126870445536987852_70225095798660'


  Rendered /Users/Blacks85/.rvm/gems/ruby-1.9.3-p286/gems/actionpack-3.2.8/lib/action_dispatch/middleware/templates/rescues/_trace.erb (2.1ms)
  Rendered /Users/Blacks85/.rvm/gems/ruby-1.9.3-p286/gems/actionpack-3.2.8/lib/action_dispatch/middleware/templates/rescues/_request_and_response.erb (1.4ms)
  Rendered /Users/Blacks85/.rvm/gems/ruby-1.9.3-p286/gems/actionpack-3.2.8/lib/action_dispatch/middleware/templates/rescues/template_error.erb within rescues/layout (13.8ms)
Connecting to database specified by database.yml
Connecting to database specified by database.yml
Connecting to database specified by database.yml
  [1m[36m (18.2ms)[0m  [1mSELECT "schema_migrations"."version" FROM "schema_migrations" [0m
Migrating to CreateUsers (20121029192333)
Migrating to RemoveNameFromUser (20121029194512)
  [1m[35m (0.1ms)[0m  select sqlite_version(*)
  [1m[36m (0.1ms)[0m  [1mbegin transaction[0m
  [1m[35m (0.5ms)[0m  CREATE TEMPORARY TABLE "altered_users" ("id" INTEGER PRIMARY KEY AUTOINCREMENT NOT NULL, "name" varchar(255), "email" varchar(255), "encrypted_password" varchar(255), "salt" varchar(255), "created_at" datetime NOT NULL, "updated_at" datetime NOT NULL) 
  [1m[36m (0.0ms)[0m  [1mPRAGMA index_list("users")[0m
  [1m[35m (0.3ms)[0m  SELECT * FROM "users"
  [1m[36m (0.6ms)[0m  [1mDROP TABLE "users"[0m
  [1m[35m (0.2ms)[0m  CREATE TABLE "users" ("id" INTEGER PRIMARY KEY AUTOINCREMENT NOT NULL, "email" varchar(255), "encrypted_password" varchar(255), "salt" varchar(255), "created_at" datetime NOT NULL, "updated_at" datetime NOT NULL) 
  [1m[36m (0.1ms)[0m  [1mPRAGMA index_list("altered_users")[0m
  [1m[35m (0.1ms)[0m  SELECT * FROM "altered_users"
  [1m[36m (0.4ms)[0m  [1mDROP TABLE "altered_users"[0m
  [1m[35m (0.2ms)[0m  INSERT INTO "schema_migrations" ("version") VALUES ('20121029194512')
  [1m[36m (3.2ms)[0m  [1mcommit transaction[0m
  [1m[35m (0.4ms)[0m  select sqlite_version(*)
  [1m[36m (0.2ms)[0m  [1mSELECT "schema_migrations"."version" FROM "schema_migrations" [0m
  [1m[35m (0.1ms)[0m  PRAGMA index_list("users")
Connecting to database specified by database.yml
Connecting to database specified by database.yml
  [1m[36m (0.1ms)[0m  [1mSELECT "schema_migrations"."version" FROM "schema_migrations" [0m
Migrating to CreateUsers (20121029192333)
Migrating to RemoveNameFromUser (20121029194512)
Migrating to AddUsernameToUser (20121029194531)
  [1m[35m (0.0ms)[0m  select sqlite_version(*)
  [1m[36m (0.0ms)[0m  [1mbegin transaction[0m
  [1m[35m (0.5ms)[0m  ALTER TABLE "users" ADD "username" varchar(255)
  [1m[36m (0.1ms)[0m  [1mINSERT INTO "schema_migrations" ("version") VALUES ('20121029194531')[0m
  [1m[35m (2.7ms)[0m  commit transaction
  [1m[36m (0.3ms)[0m  [1mselect sqlite_version(*)[0m
  [1m[35m (0.1ms)[0m  SELECT "schema_migrations"."version" FROM "schema_migrations" 
  [1m[36m (0.0ms)[0m  [1mPRAGMA index_list("users")[0m
Connecting to database specified by database.yml


Started GET "/users/new" for 127.0.0.1 at 2012-10-29 20:47:01 +0100
Connecting to database specified by database.yml
Processing by UsersController#new as HTML
  Rendered users/new.html.erb within layouts/application (5.2ms)
Compiled users.css  (35ms)  (pid 512)
Compiled application.css  (67ms)  (pid 512)
Compiled jquery.js  (9ms)  (pid 512)
Compiled jquery_ujs.js  (1ms)  (pid 512)
Compiled users.js  (206ms)  (pid 512)
Compiled application.js  (281ms)  (pid 512)
Completed 200 OK in 570ms (Views: 515.6ms | ActiveRecord: 1.9ms)


Started GET "/assets/application.css?body=1" for 127.0.0.1 at 2012-10-29 20:47:02 +0100
Served asset /application.css - 200 OK (4ms)


Started GET "/assets/users.css?body=1" for 127.0.0.1 at 2012-10-29 20:47:02 +0100
Served asset /users.css - 200 OK (3ms)


Started GET "/assets/jquery_ujs.js?body=1" for 127.0.0.1 at 2012-10-29 20:47:02 +0100
Served asset /jquery_ujs.js - 200 OK (5ms)


Started GET "/assets/jquery.js?body=1" for 127.0.0.1 at 2012-10-29 20:47:02 +0100
Served asset /jquery.js - 200 OK (2ms)


Started GET "/assets/users.js?body=1" for 127.0.0.1 at 2012-10-29 20:47:02 +0100
Served asset /users.js - 200 OK (3ms)


Started GET "/assets/application.js?body=1" for 127.0.0.1 at 2012-10-29 20:47:02 +0100
Served asset /application.js - 200 OK (37ms)


Started POST "/users/create" for 127.0.0.1 at 2012-10-29 20:47:25 +0100
Processing by UsersController#create as HTML
  Parameters: {"utf8"=>"✓", "authenticity_token"=>"jk3AeT9ZOSvT0Rz/S+z4BqjVdhEglZhTE6/kLQJpsgU=", "user"=>{"username"=>"Riccardo Neri", "email"=>"blacks85@gmail.com", "password"=>"[FILTERED]", "password_confirmation"=>"[FILTERED]"}, "commit"=>"Signup"}
  [1m[36m (0.1ms)[0m  [1mbegin transaction[0m
  [1m[35mUser Exists (0.2ms)[0m  SELECT 1 AS one FROM "users" WHERE "users"."email" = 'blacks85@gmail.com' LIMIT 1
  [1m[36m (0.1ms)[0m  [1mrollback transaction[0m
Completed 500 Internal Server Error in 52ms

NameError (uninitialized constant User::BCrypt):
  app/models/user.rb:34:in `encrypt_password'
  app/controllers/users_controller.rb:8:in `create'


  Rendered /Users/Blacks85/.rvm/gems/ruby-1.9.3-p286/gems/actionpack-3.2.8/lib/action_dispatch/middleware/templates/rescues/_trace.erb (1.9ms)
  Rendered /Users/Blacks85/.rvm/gems/ruby-1.9.3-p286/gems/actionpack-3.2.8/lib/action_dispatch/middleware/templates/rescues/_request_and_response.erb (1.7ms)
  Rendered /Users/Blacks85/.rvm/gems/ruby-1.9.3-p286/gems/actionpack-3.2.8/lib/action_dispatch/middleware/templates/rescues/diagnostics.erb within rescues/layout (14.7ms)


Started POST "/users/create" for 127.0.0.1 at 2012-10-29 20:50:49 +0100
Processing by UsersController#create as HTML
  Parameters: {"utf8"=>"✓", "authenticity_token"=>"jk3AeT9ZOSvT0Rz/S+z4BqjVdhEglZhTE6/kLQJpsgU=", "user"=>{"username"=>"Riccardo Neri", "email"=>"blacks85@gmail.com", "password"=>"[FILTERED]", "password_confirmation"=>"[FILTERED]"}, "commit"=>"Signup"}
  [1m[35m (0.1ms)[0m  begin transaction
  [1m[36mUser Exists (0.2ms)[0m  [1mSELECT 1 AS one FROM "users" WHERE "users"."email" = 'blacks85@gmail.com' LIMIT 1[0m
Binary data inserted for `string` type on column `encrypted_password`
Binary data inserted for `string` type on column `salt`
  [1m[35mSQL (46.8ms)[0m  INSERT INTO "users" ("created_at", "email", "encrypted_password", "salt", "updated_at", "username") VALUES (?, ?, ?, ?, ?, ?)  [["created_at", Mon, 29 Oct 2012 19:50:49 UTC +00:00], ["email", "blacks85@gmail.com"], ["encrypted_password", "9f300646dbf8887726b6f262c2bfc0d9cb0dcdc9"], ["salt", "1cf09c479b5645d478333e37b8c5c78a6232195a"], ["updated_at", Mon, 29 Oct 2012 19:50:49 UTC +00:00], ["username", "Riccardo Neri"]]
  [1m[36m (2.5ms)[0m  [1mcommit transaction[0m
  Rendered users/new.html.erb within layouts/application (2.9ms)
Completed 200 OK in 79ms (Views: 11.4ms | ActiveRecord: 50.0ms)


Started GET "/assets/users.js?body=1" for 127.0.0.1 at 2012-10-29 20:50:49 +0100
Served asset /users.js - 304 Not Modified (0ms)


Started GET "/assets/users.css?body=1" for 127.0.0.1 at 2012-10-29 20:50:49 +0100
Served asset /users.css - 304 Not Modified (0ms)


Started GET "/assets/application.css?body=1" for 127.0.0.1 at 2012-10-29 20:50:49 +0100
Served asset /application.css - 304 Not Modified (0ms)


Started GET "/assets/application.js?body=1" for 127.0.0.1 at 2012-10-29 20:50:49 +0100
Served asset /application.js - 304 Not Modified (0ms)
Connecting to database specified by database.yml


Started GET "/login" for 127.0.0.1 at 2012-10-29 21:11:54 +0100
Processing by SessionsController#login as HTML
  Rendered sessions/login.html.erb within layouts/application (11.5ms)
Completed 500 Internal Server Error in 43ms

ActionController::RoutingError (No route matches {:action=>"login_attempt", :controller=>"sessions"}):
  app/views/sessions/login.html.erb:4:in `_app_views_sessions_login_html_erb___4085691006743673080_70359312268320'


  Rendered /Users/Blacks85/.rvm/gems/ruby-1.9.3-p286/gems/actionpack-3.2.8/lib/action_dispatch/middleware/templates/rescues/routing_error.erb within rescues/layout (0.8ms)


Started GET "/sessions/login" for 127.0.0.1 at 2012-10-29 21:13:17 +0100

ActionController::RoutingError (No route matches [GET] "/sessions/login"):
  actionpack (3.2.8) lib/action_dispatch/middleware/debug_exceptions.rb:21:in `call'
  actionpack (3.2.8) lib/action_dispatch/middleware/show_exceptions.rb:56:in `call'
  railties (3.2.8) lib/rails/rack/logger.rb:26:in `call_app'
  railties (3.2.8) lib/rails/rack/logger.rb:16:in `call'
  actionpack (3.2.8) lib/action_dispatch/middleware/request_id.rb:22:in `call'
  rack (1.4.1) lib/rack/methodoverride.rb:21:in `call'
  rack (1.4.1) lib/rack/runtime.rb:17:in `call'
  activesupport (3.2.8) lib/active_support/cache/strategy/local_cache.rb:72:in `call'
  rack (1.4.1) lib/rack/lock.rb:15:in `call'
  actionpack (3.2.8) lib/action_dispatch/middleware/static.rb:62:in `call'
  railties (3.2.8) lib/rails/engine.rb:479:in `call'
  railties (3.2.8) lib/rails/application.rb:223:in `call'
  rack (1.4.1) lib/rack/content_length.rb:14:in `call'
  railties (3.2.8) lib/rails/rack/log_tailer.rb:17:in `call'
  rack (1.4.1) lib/rack/handler/webrick.rb:59:in `service'
  /Users/Blacks85/.rvm/rubies/ruby-1.9.3-p286/lib/ruby/1.9.1/webrick/httpserver.rb:138:in `service'
  /Users/Blacks85/.rvm/rubies/ruby-1.9.3-p286/lib/ruby/1.9.1/webrick/httpserver.rb:94:in `run'
  /Users/Blacks85/.rvm/rubies/ruby-1.9.3-p286/lib/ruby/1.9.1/webrick/server.rb:191:in `block in start_thread'


  Rendered /Users/Blacks85/.rvm/gems/ruby-1.9.3-p286/gems/actionpack-3.2.8/lib/action_dispatch/middleware/templates/rescues/routing_error.erb within rescues/layout (1.1ms)


Started GET "/sessions/login" for 127.0.0.1 at 2012-10-29 21:13:27 +0100
Processing by SessionsController#login as HTML
  Rendered sessions/login.html.erb within layouts/application (2.3ms)
Completed 500 Internal Server Error in 5ms

ActionController::RoutingError (No route matches {:action=>"login_attempt", :controller=>"sessions"}):
  app/views/sessions/login.html.erb:4:in `_app_views_sessions_login_html_erb___4085691006743673080_70359312268320'


  Rendered /Users/Blacks85/.rvm/gems/ruby-1.9.3-p286/gems/actionpack-3.2.8/lib/action_dispatch/middleware/templates/rescues/routing_error.erb within rescues/layout (1.1ms)


Started GET "/login" for 127.0.0.1 at 2012-10-29 21:13:34 +0100
Processing by SessionsController#login as HTML
  Rendered sessions/login.html.erb within layouts/application (2.0ms)
Completed 500 Internal Server Error in 4ms

ActionController::RoutingError (No route matches {:action=>"login_attempt", :controller=>"sessions"}):
  app/views/sessions/login.html.erb:4:in `_app_views_sessions_login_html_erb___4085691006743673080_70359312268320'


  Rendered /Users/Blacks85/.rvm/gems/ruby-1.9.3-p286/gems/actionpack-3.2.8/lib/action_dispatch/middleware/templates/rescues/routing_error.erb within rescues/layout (0.8ms)


Started GET "/sessions/login" for 127.0.0.1 at 2012-10-29 21:14:34 +0100
Processing by SessionsController#login as HTML
  Rendered sessions/login.html.erb within layouts/application (1.3ms)
Completed 500 Internal Server Error in 4ms

ActionController::RoutingError (No route matches {:action=>"login_attempt", :controller=>"sessions"}):
  app/views/sessions/login.html.erb:4:in `_app_views_sessions_login_html_erb___4085691006743673080_70359312268320'
  app/controllers/sessions_controller.rb:7:in `login'


  Rendered /Users/Blacks85/.rvm/gems/ruby-1.9.3-p286/gems/actionpack-3.2.8/lib/action_dispatch/middleware/templates/rescues/routing_error.erb within rescues/layout (0.8ms)


Started GET "/sessions/login" for 127.0.0.1 at 2012-10-29 21:15:03 +0100

SyntaxError (/Users/Blacks85/Sites/User_Auth/config/routes.rb:13: syntax error, unexpected ':', expecting keyword_end
  resources: sessions
            ^):
  activesupport (3.2.8) lib/active_support/dependencies.rb:245:in `load'
  activesupport (3.2.8) lib/active_support/dependencies.rb:245:in `block in load'
  activesupport (3.2.8) lib/active_support/dependencies.rb:236:in `load_dependency'
  activesupport (3.2.8) lib/active_support/dependencies.rb:245:in `load'
  railties (3.2.8) lib/rails/application/routes_reloader.rb:40:in `block in load_paths'
  railties (3.2.8) lib/rails/application/routes_reloader.rb:40:in `each'
  railties (3.2.8) lib/rails/application/routes_reloader.rb:40:in `load_paths'
  railties (3.2.8) lib/rails/application/routes_reloader.rb:16:in `reload!'
  railties (3.2.8) lib/rails/application/routes_reloader.rb:26:in `block in updater'
  activesupport (3.2.8) lib/active_support/file_update_checker.rb:78:in `call'
  activesupport (3.2.8) lib/active_support/file_update_checker.rb:78:in `execute'
  activesupport (3.2.8) lib/active_support/file_update_checker.rb:86:in `execute_if_updated'
  railties (3.2.8) lib/rails/application/routes_reloader.rb:7:in `execute_if_updated'
  railties (3.2.8) lib/rails/application/finisher.rb:68:in `block (2 levels) in <module:Finisher>'
  activesupport (3.2.8) lib/active_support/callbacks.rb:429:in `_run__3527641130667782272__prepare__3156920565034422702__callbacks'
  activesupport (3.2.8) lib/active_support/callbacks.rb:405:in `__run_callback'
  activesupport (3.2.8) lib/active_support/callbacks.rb:385:in `_run_prepare_callbacks'
  activesupport (3.2.8) lib/active_support/callbacks.rb:81:in `run_callbacks'
  actionpack (3.2.8) lib/action_dispatch/middleware/reloader.rb:74:in `prepare!'
  actionpack (3.2.8) lib/action_dispatch/middleware/reloader.rb:64:in `call'
  actionpack (3.2.8) lib/action_dispatch/middleware/remote_ip.rb:31:in `call'
  actionpack (3.2.8) lib/action_dispatch/middleware/debug_exceptions.rb:16:in `call'
  actionpack (3.2.8) lib/action_dispatch/middleware/show_exceptions.rb:56:in `call'
  railties (3.2.8) lib/rails/rack/logger.rb:26:in `call_app'
  railties (3.2.8) lib/rails/rack/logger.rb:16:in `call'
  actionpack (3.2.8) lib/action_dispatch/middleware/request_id.rb:22:in `call'
  rack (1.4.1) lib/rack/methodoverride.rb:21:in `call'
  rack (1.4.1) lib/rack/runtime.rb:17:in `call'
  activesupport (3.2.8) lib/active_support/cache/strategy/local_cache.rb:72:in `call'
  rack (1.4.1) lib/rack/lock.rb:15:in `call'
  actionpack (3.2.8) lib/action_dispatch/middleware/static.rb:62:in `call'
  railties (3.2.8) lib/rails/engine.rb:479:in `call'
  railties (3.2.8) lib/rails/application.rb:223:in `call'
  rack (1.4.1) lib/rack/content_length.rb:14:in `call'
  railties (3.2.8) lib/rails/rack/log_tailer.rb:17:in `call'
  rack (1.4.1) lib/rack/handler/webrick.rb:59:in `service'
  /Users/Blacks85/.rvm/rubies/ruby-1.9.3-p286/lib/ruby/1.9.1/webrick/httpserver.rb:138:in `service'
  /Users/Blacks85/.rvm/rubies/ruby-1.9.3-p286/lib/ruby/1.9.1/webrick/httpserver.rb:94:in `run'
  /Users/Blacks85/.rvm/rubies/ruby-1.9.3-p286/lib/ruby/1.9.1/webrick/server.rb:191:in `block in start_thread'


  Rendered /Users/Blacks85/.rvm/gems/ruby-1.9.3-p286/gems/actionpack-3.2.8/lib/action_dispatch/middleware/templates/rescues/_trace.erb (1.8ms)
  Rendered /Users/Blacks85/.rvm/gems/ruby-1.9.3-p286/gems/actionpack-3.2.8/lib/action_dispatch/middleware/templates/rescues/_request_and_response.erb (1.4ms)
  Rendered /Users/Blacks85/.rvm/gems/ruby-1.9.3-p286/gems/actionpack-3.2.8/lib/action_dispatch/middleware/templates/rescues/diagnostics.erb within rescues/layout (13.1ms)


Started GET "/sessions/login" for 127.0.0.1 at 2012-10-29 21:15:09 +0100

SyntaxError (/Users/Blacks85/Sites/User_Auth/config/routes.rb:13: syntax error, unexpected ':', expecting keyword_end
  resources: :sessions
            ^):
  activesupport (3.2.8) lib/active_support/dependencies.rb:245:in `load'
  activesupport (3.2.8) lib/active_support/dependencies.rb:245:in `block in load'
  activesupport (3.2.8) lib/active_support/dependencies.rb:236:in `load_dependency'
  activesupport (3.2.8) lib/active_support/dependencies.rb:245:in `load'
  railties (3.2.8) lib/rails/application/routes_reloader.rb:40:in `block in load_paths'
  railties (3.2.8) lib/rails/application/routes_reloader.rb:40:in `each'
  railties (3.2.8) lib/rails/application/routes_reloader.rb:40:in `load_paths'
  railties (3.2.8) lib/rails/application/routes_reloader.rb:16:in `reload!'
  railties (3.2.8) lib/rails/application/routes_reloader.rb:26:in `block in updater'
  activesupport (3.2.8) lib/active_support/file_update_checker.rb:78:in `call'
  activesupport (3.2.8) lib/active_support/file_update_checker.rb:78:in `execute'
  activesupport (3.2.8) lib/active_support/file_update_checker.rb:86:in `execute_if_updated'
  railties (3.2.8) lib/rails/application/routes_reloader.rb:7:in `execute_if_updated'
  railties (3.2.8) lib/rails/application/finisher.rb:68:in `block (2 levels) in <module:Finisher>'
  activesupport (3.2.8) lib/active_support/callbacks.rb:429:in `_run__3527641130667782272__prepare__3156920565034422702__callbacks'
  activesupport (3.2.8) lib/active_support/callbacks.rb:405:in `__run_callback'
  activesupport (3.2.8) lib/active_support/callbacks.rb:385:in `_run_prepare_callbacks'
  activesupport (3.2.8) lib/active_support/callbacks.rb:81:in `run_callbacks'
  actionpack (3.2.8) lib/action_dispatch/middleware/reloader.rb:74:in `prepare!'
  actionpack (3.2.8) lib/action_dispatch/middleware/reloader.rb:64:in `call'
  actionpack (3.2.8) lib/action_dispatch/middleware/remote_ip.rb:31:in `call'
  actionpack (3.2.8) lib/action_dispatch/middleware/debug_exceptions.rb:16:in `call'
  actionpack (3.2.8) lib/action_dispatch/middleware/show_exceptions.rb:56:in `call'
  railties (3.2.8) lib/rails/rack/logger.rb:26:in `call_app'
  railties (3.2.8) lib/rails/rack/logger.rb:16:in `call'
  actionpack (3.2.8) lib/action_dispatch/middleware/request_id.rb:22:in `call'
  rack (1.4.1) lib/rack/methodoverride.rb:21:in `call'
  rack (1.4.1) lib/rack/runtime.rb:17:in `call'
  activesupport (3.2.8) lib/active_support/cache/strategy/local_cache.rb:72:in `call'
  rack (1.4.1) lib/rack/lock.rb:15:in `call'
  actionpack (3.2.8) lib/action_dispatch/middleware/static.rb:62:in `call'
  railties (3.2.8) lib/rails/engine.rb:479:in `call'
  railties (3.2.8) lib/rails/application.rb:223:in `call'
  rack (1.4.1) lib/rack/content_length.rb:14:in `call'
  railties (3.2.8) lib/rails/rack/log_tailer.rb:17:in `call'
  rack (1.4.1) lib/rack/handler/webrick.rb:59:in `service'
  /Users/Blacks85/.rvm/rubies/ruby-1.9.3-p286/lib/ruby/1.9.1/webrick/httpserver.rb:138:in `service'
  /Users/Blacks85/.rvm/rubies/ruby-1.9.3-p286/lib/ruby/1.9.1/webrick/httpserver.rb:94:in `run'
  /Users/Blacks85/.rvm/rubies/ruby-1.9.3-p286/lib/ruby/1.9.1/webrick/server.rb:191:in `block in start_thread'


  Rendered /Users/Blacks85/.rvm/gems/ruby-1.9.3-p286/gems/actionpack-3.2.8/lib/action_dispatch/middleware/templates/rescues/_trace.erb (1.8ms)
  Rendered /Users/Blacks85/.rvm/gems/ruby-1.9.3-p286/gems/actionpack-3.2.8/lib/action_dispatch/middleware/templates/rescues/_request_and_response.erb (1.4ms)
  Rendered /Users/Blacks85/.rvm/gems/ruby-1.9.3-p286/gems/actionpack-3.2.8/lib/action_dispatch/middleware/templates/rescues/diagnostics.erb within rescues/layout (13.1ms)


Started GET "/sessions/login" for 127.0.0.1 at 2012-10-29 21:15:20 +0100

ActionController::RoutingError (No route matches [GET] "/sessions/login"):
  actionpack (3.2.8) lib/action_dispatch/middleware/debug_exceptions.rb:21:in `call'
  actionpack (3.2.8) lib/action_dispatch/middleware/show_exceptions.rb:56:in `call'
  railties (3.2.8) lib/rails/rack/logger.rb:26:in `call_app'
  railties (3.2.8) lib/rails/rack/logger.rb:16:in `call'
  actionpack (3.2.8) lib/action_dispatch/middleware/request_id.rb:22:in `call'
  rack (1.4.1) lib/rack/methodoverride.rb:21:in `call'
  rack (1.4.1) lib/rack/runtime.rb:17:in `call'
  activesupport (3.2.8) lib/active_support/cache/strategy/local_cache.rb:72:in `call'
  rack (1.4.1) lib/rack/lock.rb:15:in `call'
  actionpack (3.2.8) lib/action_dispatch/middleware/static.rb:62:in `call'
  railties (3.2.8) lib/rails/engine.rb:479:in `call'
  railties (3.2.8) lib/rails/application.rb:223:in `call'
  rack (1.4.1) lib/rack/content_length.rb:14:in `call'
  railties (3.2.8) lib/rails/rack/log_tailer.rb:17:in `call'
  rack (1.4.1) lib/rack/handler/webrick.rb:59:in `service'
  /Users/Blacks85/.rvm/rubies/ruby-1.9.3-p286/lib/ruby/1.9.1/webrick/httpserver.rb:138:in `service'
  /Users/Blacks85/.rvm/rubies/ruby-1.9.3-p286/lib/ruby/1.9.1/webrick/httpserver.rb:94:in `run'
  /Users/Blacks85/.rvm/rubies/ruby-1.9.3-p286/lib/ruby/1.9.1/webrick/server.rb:191:in `block in start_thread'


  Rendered /Users/Blacks85/.rvm/gems/ruby-1.9.3-p286/gems/actionpack-3.2.8/lib/action_dispatch/middleware/templates/rescues/routing_error.erb within rescues/layout (0.8ms)


Started GET "/sessions/login" for 127.0.0.1 at 2012-10-29 21:15:26 +0100
Processing by SessionsController#login as HTML
  Rendered sessions/login.html.erb within layouts/application (1.5ms)
Completed 500 Internal Server Error in 4ms

ActionController::RoutingError (No route matches {:action=>"login_attempt", :controller=>"sessions"}):
  app/views/sessions/login.html.erb:4:in `_app_views_sessions_login_html_erb___4085691006743673080_70359312268320'
  app/controllers/sessions_controller.rb:7:in `login'


  Rendered /Users/Blacks85/.rvm/gems/ruby-1.9.3-p286/gems/actionpack-3.2.8/lib/action_dispatch/middleware/templates/rescues/routing_error.erb within rescues/layout (0.8ms)


Started GET "/sessions/login" for 127.0.0.1 at 2012-10-29 21:15:32 +0100
Processing by SessionsController#login as HTML
  Rendered sessions/login.html.erb within layouts/application (1.9ms)
Completed 500 Internal Server Error in 5ms

ActionController::RoutingError (No route matches {:action=>"login_attempt", :controller=>"sessions"}):
  app/views/sessions/login.html.erb:4:in `_app_views_sessions_login_html_erb___4085691006743673080_70359312268320'
  app/controllers/sessions_controller.rb:7:in `login'


  Rendered /Users/Blacks85/.rvm/gems/ruby-1.9.3-p286/gems/actionpack-3.2.8/lib/action_dispatch/middleware/templates/rescues/routing_error.erb within rescues/layout (0.9ms)


Started GET "/sessions/login" for 127.0.0.1 at 2012-10-29 21:15:33 +0100
Processing by SessionsController#login as HTML
  Rendered sessions/login.html.erb within layouts/application (1.4ms)
Completed 500 Internal Server Error in 4ms

ActionController::RoutingError (No route matches {:action=>"login_attempt", :controller=>"sessions"}):
  app/views/sessions/login.html.erb:4:in `_app_views_sessions_login_html_erb___4085691006743673080_70359312268320'
  app/controllers/sessions_controller.rb:7:in `login'


  Rendered /Users/Blacks85/.rvm/gems/ruby-1.9.3-p286/gems/actionpack-3.2.8/lib/action_dispatch/middleware/templates/rescues/routing_error.erb within rescues/layout (0.8ms)


Started GET "/sessions/login" for 127.0.0.1 at 2012-10-29 21:16:33 +0100
Processing by SessionsController#login as HTML
  Rendered sessions/login.html.erb within layouts/application (1.5ms)
Compiled sessions.css  (2ms)  (pid 512)
Compiled application.css  (13ms)  (pid 512)
Compiled sessions.js  (146ms)  (pid 512)
Compiled application.js  (164ms)  (pid 512)
Completed 200 OK in 341ms (Views: 340.0ms | ActiveRecord: 0.0ms)


Started GET "/assets/sessions.css?body=1" for 127.0.0.1 at 2012-10-29 21:16:33 +0100
Served asset /sessions.css - 200 OK (2ms)


Started GET "/assets/sessions.js?body=1" for 127.0.0.1 at 2012-10-29 21:16:33 +0100
Served asset /sessions.js - 200 OK (6ms)


Started GET "/assets/users.css?body=1" for 127.0.0.1 at 2012-10-29 21:16:33 +0100
Served asset /users.css - 304 Not Modified (0ms)


Started GET "/assets/application.css?body=1" for 127.0.0.1 at 2012-10-29 21:16:33 +0100
Served asset /application.css - 304 Not Modified (8ms)


Started GET "/assets/jquery.js?body=1" for 127.0.0.1 at 2012-10-29 21:16:33 +0100
Served asset /jquery.js - 304 Not Modified (0ms)


Started GET "/assets/users.js?body=1" for 127.0.0.1 at 2012-10-29 21:16:33 +0100
Served asset /users.js - 304 Not Modified (0ms)


Started GET "/assets/jquery_ujs.js?body=1" for 127.0.0.1 at 2012-10-29 21:16:33 +0100
Served asset /jquery_ujs.js - 304 Not Modified (0ms)


Started GET "/assets/application.js?body=1" for 127.0.0.1 at 2012-10-29 21:16:33 +0100
Served asset /application.js - 304 Not Modified (10ms)


Started POST "/login_attempt" for 127.0.0.1 at 2012-10-29 21:16:42 +0100
Processing by SessionsController#login_attempt as HTML
  Parameters: {"utf8"=>"✓", "authenticity_token"=>"jk3AeT9ZOSvT0Rz/S+z4BqjVdhEglZhTE6/kLQJpsgU=", "username_or_email"=>"2", "login_password"=>"[FILTERED]", "commit"=>"Log In"}
  [1m[35mUser Load (0.3ms)[0m  SELECT "users".* FROM "users" WHERE "users"."username" = '2' LIMIT 1
  Rendered sessions/login.html.erb within layouts/application (1.9ms)
Completed 200 OK in 107ms (Views: 11.7ms | ActiveRecord: 0.9ms)


Started GET "/assets/application.css?body=1" for 127.0.0.1 at 2012-10-29 21:16:42 +0100
Served asset /application.css - 304 Not Modified (0ms)


Started GET "/assets/users.css?body=1" for 127.0.0.1 at 2012-10-29 21:16:42 +0100
Served asset /users.css - 304 Not Modified (0ms)


Started GET "/assets/jquery_ujs.js?body=1" for 127.0.0.1 at 2012-10-29 21:16:42 +0100
Served asset /jquery_ujs.js - 304 Not Modified (0ms)


Started GET "/assets/jquery.js?body=1" for 127.0.0.1 at 2012-10-29 21:16:42 +0100
Served asset /jquery.js - 304 Not Modified (0ms)


Started GET "/assets/application.js?body=1" for 127.0.0.1 at 2012-10-29 21:16:42 +0100
Served asset /application.js - 304 Not Modified (0ms)


Started GET "/assets/users.js?body=1" for 127.0.0.1 at 2012-10-29 21:16:42 +0100
Served asset /users.js - 304 Not Modified (0ms)


Started POST "/login_attempt" for 127.0.0.1 at 2012-10-29 21:16:45 +0100
Processing by SessionsController#login_attempt as HTML
  Parameters: {"utf8"=>"✓", "authenticity_token"=>"jk3AeT9ZOSvT0Rz/S+z4BqjVdhEglZhTE6/kLQJpsgU=", "username_or_email"=>"4", "login_password"=>"[FILTERED]", "commit"=>"Log In"}
  [1m[36mUser Load (0.2ms)[0m  [1mSELECT "users".* FROM "users" WHERE "users"."username" = '4' LIMIT 1[0m
  Rendered sessions/login.html.erb within layouts/application (1.0ms)
Completed 200 OK in 9ms (Views: 8.1ms | ActiveRecord: 0.2ms)


Started GET "/assets/application.css?body=1" for 127.0.0.1 at 2012-10-29 21:16:45 +0100
Served asset /application.css - 304 Not Modified (0ms)


Started GET "/assets/jquery_ujs.js?body=1" for 127.0.0.1 at 2012-10-29 21:16:45 +0100
Served asset /jquery_ujs.js - 304 Not Modified (0ms)


Started GET "/assets/jquery.js?body=1" for 127.0.0.1 at 2012-10-29 21:16:45 +0100
Served asset /jquery.js - 304 Not Modified (0ms)


Started GET "/assets/users.css?body=1" for 127.0.0.1 at 2012-10-29 21:16:45 +0100
Served asset /users.css - 304 Not Modified (0ms)


Started GET "/assets/users.js?body=1" for 127.0.0.1 at 2012-10-29 21:16:45 +0100
Served asset /users.js - 304 Not Modified (0ms)


Started GET "/assets/application.js?body=1" for 127.0.0.1 at 2012-10-29 21:16:45 +0100
Served asset /application.js - 304 Not Modified (0ms)


Started POST "/login_attempt" for 127.0.0.1 at 2012-10-29 21:16:56 +0100
Processing by SessionsController#login_attempt as HTML
  Parameters: {"utf8"=>"✓", "authenticity_token"=>"jk3AeT9ZOSvT0Rz/S+z4BqjVdhEglZhTE6/kLQJpsgU=", "username_or_email"=>"blacks85@gmail.com", "login_password"=>"[FILTERED]", "commit"=>"Log In"}
  [1m[35mUser Load (0.2ms)[0m  SELECT "users".* FROM "users" WHERE "users"."email" = 'blacks85@gmail.com' LIMIT 1
Redirected to http://localhost:3000/sessions/home
Completed 302 Found in 12ms (ActiveRecord: 0.2ms)


Started GET "/sessions/home" for 127.0.0.1 at 2012-10-29 21:16:56 +0100
Processing by SessionsController#home as HTML
  [1m[36mUser Load (0.3ms)[0m  [1mSELECT "users".* FROM "users" WHERE "users"."id" = ? LIMIT 1[0m  [["id", 1]]
  Rendered sessions/home.html.erb within layouts/application (0.6ms)
Completed 200 OK in 12ms (Views: 9.5ms | ActiveRecord: 0.3ms)


Started GET "/assets/application.css?body=1" for 127.0.0.1 at 2012-10-29 21:16:56 +0100
Served asset /application.css - 304 Not Modified (0ms)


Started GET "/assets/users.css?body=1" for 127.0.0.1 at 2012-10-29 21:16:57 +0100
Served asset /users.css - 304 Not Modified (0ms)


Started GET "/assets/application.js?body=1" for 127.0.0.1 at 2012-10-29 21:16:57 +0100
Served asset /application.js - 304 Not Modified (0ms)


Started GET "/assets/jquery_ujs.js?body=1" for 127.0.0.1 at 2012-10-29 21:16:57 +0100
Served asset /jquery_ujs.js - 304 Not Modified (0ms)


Started GET "/assets/jquery.js?body=1" for 127.0.0.1 at 2012-10-29 21:16:57 +0100
Served asset /jquery.js - 304 Not Modified (0ms)


Started GET "/assets/users.js?body=1" for 127.0.0.1 at 2012-10-29 21:16:57 +0100
Served asset /users.js - 304 Not Modified (0ms)


Started GET "/sessions/logout" for 127.0.0.1 at 2012-10-29 21:17:04 +0100

ActionController::RoutingError (No route matches [GET] "/sessions/logout"):
  actionpack (3.2.8) lib/action_dispatch/middleware/debug_exceptions.rb:21:in `call'
  actionpack (3.2.8) lib/action_dispatch/middleware/show_exceptions.rb:56:in `call'
  railties (3.2.8) lib/rails/rack/logger.rb:26:in `call_app'
  railties (3.2.8) lib/rails/rack/logger.rb:16:in `call'
  actionpack (3.2.8) lib/action_dispatch/middleware/request_id.rb:22:in `call'
  rack (1.4.1) lib/rack/methodoverride.rb:21:in `call'
  rack (1.4.1) lib/rack/runtime.rb:17:in `call'
  activesupport (3.2.8) lib/active_support/cache/strategy/local_cache.rb:72:in `call'
  rack (1.4.1) lib/rack/lock.rb:15:in `call'
  actionpack (3.2.8) lib/action_dispatch/middleware/static.rb:62:in `call'
  railties (3.2.8) lib/rails/engine.rb:479:in `call'
  railties (3.2.8) lib/rails/application.rb:223:in `call'
  rack (1.4.1) lib/rack/content_length.rb:14:in `call'
  railties (3.2.8) lib/rails/rack/log_tailer.rb:17:in `call'
  rack (1.4.1) lib/rack/handler/webrick.rb:59:in `service'
  /Users/Blacks85/.rvm/rubies/ruby-1.9.3-p286/lib/ruby/1.9.1/webrick/httpserver.rb:138:in `service'
  /Users/Blacks85/.rvm/rubies/ruby-1.9.3-p286/lib/ruby/1.9.1/webrick/httpserver.rb:94:in `run'
  /Users/Blacks85/.rvm/rubies/ruby-1.9.3-p286/lib/ruby/1.9.1/webrick/server.rb:191:in `block in start_thread'


  Rendered /Users/Blacks85/.rvm/gems/ruby-1.9.3-p286/gems/actionpack-3.2.8/lib/action_dispatch/middleware/templates/rescues/routing_error.erb within rescues/layout (1.0ms)


Started GET "/sessions/logout" for 127.0.0.1 at 2012-10-29 21:17:33 +0100
Processing by SessionsController#logout as HTML
Redirected to http://localhost:3000/sessions/login
Completed 302 Found in 2ms (ActiveRecord: 0.0ms)


Started GET "/sessions/login" for 127.0.0.1 at 2012-10-29 21:17:33 +0100
Processing by SessionsController#login as HTML
  Rendered sessions/login.html.erb within layouts/application (1.2ms)
Completed 200 OK in 9ms (Views: 8.8ms | ActiveRecord: 0.0ms)


Started GET "/assets/application.css?body=1" for 127.0.0.1 at 2012-10-29 21:17:33 +0100
Served asset /application.css - 304 Not Modified (0ms)


Started GET "/assets/jquery_ujs.js?body=1" for 127.0.0.1 at 2012-10-29 21:17:33 +0100
Served asset /jquery_ujs.js - 304 Not Modified (0ms)


Started GET "/assets/jquery.js?body=1" for 127.0.0.1 at 2012-10-29 21:17:33 +0100
Served asset /jquery.js - 304 Not Modified (0ms)


Started GET "/assets/sessions.js?body=1" for 127.0.0.1 at 2012-10-29 21:17:33 +0100
Served asset /sessions.js - 304 Not Modified (0ms)


Started GET "/assets/sessions.css?body=1" for 127.0.0.1 at 2012-10-29 21:17:33 +0100
Served asset /sessions.css - 304 Not Modified (0ms)


Started GET "/assets/users.css?body=1" for 127.0.0.1 at 2012-10-29 21:17:33 +0100
Served asset /users.css - 304 Not Modified (0ms)


Started GET "/assets/users.js?body=1" for 127.0.0.1 at 2012-10-29 21:17:33 +0100
Served asset /users.js - 304 Not Modified (0ms)


Started GET "/assets/application.js?body=1" for 127.0.0.1 at 2012-10-29 21:17:33 +0100
Served asset /application.js - 304 Not Modified (0ms)


Started GET "/sessions/login" for 127.0.0.1 at 2012-10-29 21:21:11 +0100

AbstractController::ActionNotFound (The action 'show' could not be found for SessionsController):
  actionpack (3.2.8) lib/abstract_controller/base.rb:116:in `process'
  actionpack (3.2.8) lib/abstract_controller/rendering.rb:45:in `process'
  actionpack (3.2.8) lib/action_controller/metal.rb:203:in `dispatch'
  actionpack (3.2.8) lib/action_controller/metal/rack_delegation.rb:14:in `dispatch'
  actionpack (3.2.8) lib/action_controller/metal.rb:246:in `block in action'
  actionpack (3.2.8) lib/action_dispatch/routing/route_set.rb:73:in `call'
  actionpack (3.2.8) lib/action_dispatch/routing/route_set.rb:73:in `dispatch'
  actionpack (3.2.8) lib/action_dispatch/routing/route_set.rb:36:in `call'
  journey (1.0.4) lib/journey/router.rb:68:in `block in call'
  journey (1.0.4) lib/journey/router.rb:56:in `each'
  journey (1.0.4) lib/journey/router.rb:56:in `call'
  actionpack (3.2.8) lib/action_dispatch/routing/route_set.rb:600:in `call'
  actionpack (3.2.8) lib/action_dispatch/middleware/best_standards_support.rb:17:in `call'
  rack (1.4.1) lib/rack/etag.rb:23:in `call'
  rack (1.4.1) lib/rack/conditionalget.rb:25:in `call'
  actionpack (3.2.8) lib/action_dispatch/middleware/head.rb:14:in `call'
  actionpack (3.2.8) lib/action_dispatch/middleware/params_parser.rb:21:in `call'
  actionpack (3.2.8) lib/action_dispatch/middleware/flash.rb:242:in `call'
  rack (1.4.1) lib/rack/session/abstract/id.rb:205:in `context'
  rack (1.4.1) lib/rack/session/abstract/id.rb:200:in `call'
  actionpack (3.2.8) lib/action_dispatch/middleware/cookies.rb:339:in `call'
  activerecord (3.2.8) lib/active_record/query_cache.rb:64:in `call'
  activerecord (3.2.8) lib/active_record/connection_adapters/abstract/connection_pool.rb:473:in `call'
  actionpack (3.2.8) lib/action_dispatch/middleware/callbacks.rb:28:in `block in call'
  activesupport (3.2.8) lib/active_support/callbacks.rb:405:in `_run__2452927451051079268__call__3156920565034422702__callbacks'
  activesupport (3.2.8) lib/active_support/callbacks.rb:405:in `__run_callback'
  activesupport (3.2.8) lib/active_support/callbacks.rb:385:in `_run_call_callbacks'
  activesupport (3.2.8) lib/active_support/callbacks.rb:81:in `run_callbacks'
  actionpack (3.2.8) lib/action_dispatch/middleware/callbacks.rb:27:in `call'
  actionpack (3.2.8) lib/action_dispatch/middleware/reloader.rb:65:in `call'
  actionpack (3.2.8) lib/action_dispatch/middleware/remote_ip.rb:31:in `call'
  actionpack (3.2.8) lib/action_dispatch/middleware/debug_exceptions.rb:16:in `call'
  actionpack (3.2.8) lib/action_dispatch/middleware/show_exceptions.rb:56:in `call'
  railties (3.2.8) lib/rails/rack/logger.rb:26:in `call_app'
  railties (3.2.8) lib/rails/rack/logger.rb:16:in `call'
  actionpack (3.2.8) lib/action_dispatch/middleware/request_id.rb:22:in `call'
  rack (1.4.1) lib/rack/methodoverride.rb:21:in `call'
  rack (1.4.1) lib/rack/runtime.rb:17:in `call'
  activesupport (3.2.8) lib/active_support/cache/strategy/local_cache.rb:72:in `call'
  rack (1.4.1) lib/rack/lock.rb:15:in `call'
  actionpack (3.2.8) lib/action_dispatch/middleware/static.rb:62:in `call'
  railties (3.2.8) lib/rails/engine.rb:479:in `call'
  railties (3.2.8) lib/rails/application.rb:223:in `call'
  rack (1.4.1) lib/rack/content_length.rb:14:in `call'
  railties (3.2.8) lib/rails/rack/log_tailer.rb:17:in `call'
  rack (1.4.1) lib/rack/handler/webrick.rb:59:in `service'
  /Users/Blacks85/.rvm/rubies/ruby-1.9.3-p286/lib/ruby/1.9.1/webrick/httpserver.rb:138:in `service'
  /Users/Blacks85/.rvm/rubies/ruby-1.9.3-p286/lib/ruby/1.9.1/webrick/httpserver.rb:94:in `run'
  /Users/Blacks85/.rvm/rubies/ruby-1.9.3-p286/lib/ruby/1.9.1/webrick/server.rb:191:in `block in start_thread'


  Rendered /Users/Blacks85/.rvm/gems/ruby-1.9.3-p286/gems/actionpack-3.2.8/lib/action_dispatch/middleware/templates/rescues/unknown_action.erb within rescues/layout (1.2ms)


Started GET "/sessions/login" for 127.0.0.1 at 2012-10-29 21:21:29 +0100
Processing by SessionsController#login as HTML
  Rendered sessions/login.html.erb within layouts/application (1.5ms)
Completed 200 OK in 10ms (Views: 9.4ms | ActiveRecord: 0.0ms)


Started GET "/assets/jquery.js?body=1" for 127.0.0.1 at 2012-10-29 21:21:29 +0100
Served asset /jquery.js - 304 Not Modified (0ms)


Started GET "/assets/application.css?body=1" for 127.0.0.1 at 2012-10-29 21:21:29 +0100
Served asset /application.css - 304 Not Modified (0ms)


Started GET "/assets/sessions.css?body=1" for 127.0.0.1 at 2012-10-29 21:21:29 +0100
Served asset /sessions.css - 304 Not Modified (0ms)


Started GET "/assets/sessions.js?body=1" for 127.0.0.1 at 2012-10-29 21:21:29 +0100
Served asset /sessions.js - 304 Not Modified (0ms)


Started GET "/assets/jquery_ujs.js?body=1" for 127.0.0.1 at 2012-10-29 21:21:29 +0100
Served asset /jquery_ujs.js - 304 Not Modified (0ms)


Started GET "/assets/users.css?body=1" for 127.0.0.1 at 2012-10-29 21:21:29 +0100
Served asset /users.css - 304 Not Modified (0ms)


Started GET "/assets/users.js?body=1" for 127.0.0.1 at 2012-10-29 21:21:29 +0100
Served asset /users.js - 304 Not Modified (0ms)


Started GET "/assets/application.js?body=1" for 127.0.0.1 at 2012-10-29 21:21:29 +0100
Served asset /application.js - 304 Not Modified (0ms)


Started GET "/sessions/login" for 127.0.0.1 at 2012-10-29 21:21:47 +0100

AbstractController::ActionNotFound (The action 'show' could not be found for SessionsController):
  actionpack (3.2.8) lib/abstract_controller/base.rb:116:in `process'
  actionpack (3.2.8) lib/abstract_controller/rendering.rb:45:in `process'
  actionpack (3.2.8) lib/action_controller/metal.rb:203:in `dispatch'
  actionpack (3.2.8) lib/action_controller/metal/rack_delegation.rb:14:in `dispatch'
  actionpack (3.2.8) lib/action_controller/metal.rb:246:in `block in action'
  actionpack (3.2.8) lib/action_dispatch/routing/route_set.rb:73:in `call'
  actionpack (3.2.8) lib/action_dispatch/routing/route_set.rb:73:in `dispatch'
  actionpack (3.2.8) lib/action_dispatch/routing/route_set.rb:36:in `call'
  journey (1.0.4) lib/journey/router.rb:68:in `block in call'
  journey (1.0.4) lib/journey/router.rb:56:in `each'
  journey (1.0.4) lib/journey/router.rb:56:in `call'
  actionpack (3.2.8) lib/action_dispatch/routing/route_set.rb:600:in `call'
  actionpack (3.2.8) lib/action_dispatch/middleware/best_standards_support.rb:17:in `call'
  rack (1.4.1) lib/rack/etag.rb:23:in `call'
  rack (1.4.1) lib/rack/conditionalget.rb:25:in `call'
  actionpack (3.2.8) lib/action_dispatch/middleware/head.rb:14:in `call'
  actionpack (3.2.8) lib/action_dispatch/middleware/params_parser.rb:21:in `call'
  actionpack (3.2.8) lib/action_dispatch/middleware/flash.rb:242:in `call'
  rack (1.4.1) lib/rack/session/abstract/id.rb:205:in `context'
  rack (1.4.1) lib/rack/session/abstract/id.rb:200:in `call'
  actionpack (3.2.8) lib/action_dispatch/middleware/cookies.rb:339:in `call'
  activerecord (3.2.8) lib/active_record/query_cache.rb:64:in `call'
  activerecord (3.2.8) lib/active_record/connection_adapters/abstract/connection_pool.rb:473:in `call'
  actionpack (3.2.8) lib/action_dispatch/middleware/callbacks.rb:28:in `block in call'
  activesupport (3.2.8) lib/active_support/callbacks.rb:405:in `_run__2452927451051079268__call__3156920565034422702__callbacks'
  activesupport (3.2.8) lib/active_support/callbacks.rb:405:in `__run_callback'
  activesupport (3.2.8) lib/active_support/callbacks.rb:385:in `_run_call_callbacks'
  activesupport (3.2.8) lib/active_support/callbacks.rb:81:in `run_callbacks'
  actionpack (3.2.8) lib/action_dispatch/middleware/callbacks.rb:27:in `call'
  actionpack (3.2.8) lib/action_dispatch/middleware/reloader.rb:65:in `call'
  actionpack (3.2.8) lib/action_dispatch/middleware/remote_ip.rb:31:in `call'
  actionpack (3.2.8) lib/action_dispatch/middleware/debug_exceptions.rb:16:in `call'
  actionpack (3.2.8) lib/action_dispatch/middleware/show_exceptions.rb:56:in `call'
  railties (3.2.8) lib/rails/rack/logger.rb:26:in `call_app'
  railties (3.2.8) lib/rails/rack/logger.rb:16:in `call'
  actionpack (3.2.8) lib/action_dispatch/middleware/request_id.rb:22:in `call'
  rack (1.4.1) lib/rack/methodoverride.rb:21:in `call'
  rack (1.4.1) lib/rack/runtime.rb:17:in `call'
  activesupport (3.2.8) lib/active_support/cache/strategy/local_cache.rb:72:in `call'
  rack (1.4.1) lib/rack/lock.rb:15:in `call'
  actionpack (3.2.8) lib/action_dispatch/middleware/static.rb:62:in `call'
  railties (3.2.8) lib/rails/engine.rb:479:in `call'
  railties (3.2.8) lib/rails/application.rb:223:in `call'
  rack (1.4.1) lib/rack/content_length.rb:14:in `call'
  railties (3.2.8) lib/rails/rack/log_tailer.rb:17:in `call'
  rack (1.4.1) lib/rack/handler/webrick.rb:59:in `service'
  /Users/Blacks85/.rvm/rubies/ruby-1.9.3-p286/lib/ruby/1.9.1/webrick/httpserver.rb:138:in `service'
  /Users/Blacks85/.rvm/rubies/ruby-1.9.3-p286/lib/ruby/1.9.1/webrick/httpserver.rb:94:in `run'
  /Users/Blacks85/.rvm/rubies/ruby-1.9.3-p286/lib/ruby/1.9.1/webrick/server.rb:191:in `block in start_thread'


  Rendered /Users/Blacks85/.rvm/gems/ruby-1.9.3-p286/gems/actionpack-3.2.8/lib/action_dispatch/middleware/templates/rescues/unknown_action.erb within rescues/layout (0.5ms)


Started GET "/sessions/login" for 127.0.0.1 at 2012-10-29 21:22:22 +0100
Processing by SessionsController#show as HTML
  Parameters: {"id"=>"login"}
  Rendered sessions/show.html.erb within layouts/application (0.4ms)
Completed 200 OK in 9ms (Views: 8.5ms | ActiveRecord: 0.0ms)


Started GET "/assets/jquery.js?body=1" for 127.0.0.1 at 2012-10-29 21:22:22 +0100
Served asset /jquery.js - 304 Not Modified (0ms)


Started GET "/assets/sessions.css?body=1" for 127.0.0.1 at 2012-10-29 21:22:22 +0100
Served asset /sessions.css - 304 Not Modified (0ms)


Started GET "/assets/application.css?body=1" for 127.0.0.1 at 2012-10-29 21:22:22 +0100
Served asset /application.css - 304 Not Modified (0ms)


Started GET "/assets/users.css?body=1" for 127.0.0.1 at 2012-10-29 21:22:22 +0100
Served asset /users.css - 304 Not Modified (0ms)


Started GET "/assets/jquery_ujs.js?body=1" for 127.0.0.1 at 2012-10-29 21:22:22 +0100
Served asset /jquery_ujs.js - 304 Not Modified (0ms)


Started GET "/assets/sessions.js?body=1" for 127.0.0.1 at 2012-10-29 21:22:22 +0100
Served asset /sessions.js - 304 Not Modified (0ms)


Started GET "/assets/users.js?body=1" for 127.0.0.1 at 2012-10-29 21:22:22 +0100
Served asset /users.js - 304 Not Modified (0ms)


Started GET "/assets/application.js?body=1" for 127.0.0.1 at 2012-10-29 21:22:22 +0100
Served asset /application.js - 304 Not Modified (0ms)


Started GET "/sessions/login" for 127.0.0.1 at 2012-10-29 21:22:50 +0100
Processing by SessionsController#show as HTML
  Parameters: {"id"=>"login"}
  Rendered sessions/show.html.erb within layouts/application (0.0ms)
Completed 200 OK in 8ms (Views: 7.5ms | ActiveRecord: 0.0ms)


Started GET "/assets/application.css?body=1" for 127.0.0.1 at 2012-10-29 21:22:50 +0100
Served asset /application.css - 304 Not Modified (0ms)


Started GET "/assets/jquery_ujs.js?body=1" for 127.0.0.1 at 2012-10-29 21:22:50 +0100
Served asset /jquery_ujs.js - 304 Not Modified (0ms)


Started GET "/assets/sessions.css?body=1" for 127.0.0.1 at 2012-10-29 21:22:50 +0100
Served asset /sessions.css - 304 Not Modified (0ms)


Started GET "/assets/jquery.js?body=1" for 127.0.0.1 at 2012-10-29 21:22:50 +0100
Served asset /jquery.js - 304 Not Modified (0ms)


Started GET "/assets/users.css?body=1" for 127.0.0.1 at 2012-10-29 21:22:50 +0100
Served asset /users.css - 304 Not Modified (0ms)


Started GET "/assets/sessions.js?body=1" for 127.0.0.1 at 2012-10-29 21:22:50 +0100
Served asset /sessions.js - 304 Not Modified (0ms)


Started GET "/assets/users.js?body=1" for 127.0.0.1 at 2012-10-29 21:22:50 +0100
Served asset /users.js - 304 Not Modified (0ms)


Started GET "/assets/application.js?body=1" for 127.0.0.1 at 2012-10-29 21:22:50 +0100
Served asset /application.js - 304 Not Modified (0ms)


Started GET "/sessions/logout" for 127.0.0.1 at 2012-10-29 21:22:55 +0100
Processing by SessionsController#show as HTML
  Parameters: {"id"=>"logout"}
  Rendered sessions/show.html.erb within layouts/application (0.1ms)
Completed 200 OK in 9ms (Views: 9.1ms | ActiveRecord: 0.0ms)


Started GET "/assets/users.css?body=1" for 127.0.0.1 at 2012-10-29 21:22:55 +0100
Served asset /users.css - 304 Not Modified (0ms)


Started GET "/assets/sessions.css?body=1" for 127.0.0.1 at 2012-10-29 21:22:55 +0100
Served asset /sessions.css - 304 Not Modified (0ms)


Started GET "/assets/jquery.js?body=1" for 127.0.0.1 at 2012-10-29 21:22:55 +0100
Served asset /jquery.js - 304 Not Modified (0ms)


Started GET "/assets/sessions.js?body=1" for 127.0.0.1 at 2012-10-29 21:22:55 +0100
Served asset /sessions.js - 304 Not Modified (0ms)


Started GET "/assets/application.css?body=1" for 127.0.0.1 at 2012-10-29 21:22:55 +0100
Served asset /application.css - 304 Not Modified (0ms)


Started GET "/assets/jquery_ujs.js?body=1" for 127.0.0.1 at 2012-10-29 21:22:55 +0100
Served asset /jquery_ujs.js - 304 Not Modified (0ms)


Started GET "/assets/users.js?body=1" for 127.0.0.1 at 2012-10-29 21:22:55 +0100
Served asset /users.js - 304 Not Modified (0ms)


Started GET "/assets/application.js?body=1" for 127.0.0.1 at 2012-10-29 21:22:55 +0100
Served asset /application.js - 304 Not Modified (0ms)


Started GET "/sessions/logout" for 127.0.0.1 at 2012-10-29 21:23:34 +0100
Processing by SessionsController#show as HTML
  Parameters: {"id"=>"logout"}
  Rendered sessions/show.html.erb within layouts/application (1.6ms)
Completed 500 Internal Server Error in 4ms

ActionView::Template::Error (undefined method `username' for nil:NilClass):
    1: <h1>Sessions#home</h1>
    2: <p>Find me in app/views/sessions/home.html.erb</p>
    3: 
    4: <%= @current_user.username %>
  app/views/sessions/show.html.erb:4:in `_app_views_sessions_show_html_erb__910375143842138091_70359322846960'


  Rendered /Users/Blacks85/.rvm/gems/ruby-1.9.3-p286/gems/actionpack-3.2.8/lib/action_dispatch/middleware/templates/rescues/_trace.erb (2.0ms)
  Rendered /Users/Blacks85/.rvm/gems/ruby-1.9.3-p286/gems/actionpack-3.2.8/lib/action_dispatch/middleware/templates/rescues/_request_and_response.erb (1.5ms)
  Rendered /Users/Blacks85/.rvm/gems/ruby-1.9.3-p286/gems/actionpack-3.2.8/lib/action_dispatch/middleware/templates/rescues/template_error.erb within rescues/layout (13.7ms)


Started GET "/sessions/login" for 127.0.0.1 at 2012-10-29 21:23:45 +0100
Processing by SessionsController#show as HTML
  Parameters: {"id"=>"login"}
  Rendered sessions/show.html.erb within layouts/application (0.9ms)
Completed 500 Internal Server Error in 3ms

ActionView::Template::Error (undefined method `username' for nil:NilClass):
    1: <h1>Sessions#home</h1>
    2: <p>Find me in app/views/sessions/home.html.erb</p>
    3: 
    4: <%= @current_user.username %>
  app/views/sessions/show.html.erb:4:in `_app_views_sessions_show_html_erb__910375143842138091_70359322846960'


  Rendered /Users/Blacks85/.rvm/gems/ruby-1.9.3-p286/gems/actionpack-3.2.8/lib/action_dispatch/middleware/templates/rescues/_trace.erb (2.0ms)
  Rendered /Users/Blacks85/.rvm/gems/ruby-1.9.3-p286/gems/actionpack-3.2.8/lib/action_dispatch/middleware/templates/rescues/_request_and_response.erb (1.5ms)
  Rendered /Users/Blacks85/.rvm/gems/ruby-1.9.3-p286/gems/actionpack-3.2.8/lib/action_dispatch/middleware/templates/rescues/template_error.erb within rescues/layout (13.9ms)


Started GET "/sessions/login" for 127.0.0.1 at 2012-10-29 21:24:02 +0100
Processing by SessionsController#show as HTML
  Parameters: {"id"=>"login"}
  Rendered sessions/show.html.erb within layouts/application (0.7ms)
Completed 200 OK in 9ms (Views: 8.9ms | ActiveRecord: 0.0ms)


Started GET "/assets/application.css?body=1" for 127.0.0.1 at 2012-10-29 21:24:02 +0100
Served asset /application.css - 304 Not Modified (0ms)


Started GET "/assets/users.css?body=1" for 127.0.0.1 at 2012-10-29 21:24:02 +0100
Served asset /users.css - 304 Not Modified (0ms)


Started GET "/assets/jquery_ujs.js?body=1" for 127.0.0.1 at 2012-10-29 21:24:02 +0100
Served asset /jquery_ujs.js - 304 Not Modified (0ms)


Started GET "/assets/sessions.css?body=1" for 127.0.0.1 at 2012-10-29 21:24:02 +0100
Served asset /sessions.css - 304 Not Modified (0ms)


Started GET "/assets/sessions.js?body=1" for 127.0.0.1 at 2012-10-29 21:24:02 +0100
Served asset /sessions.js - 304 Not Modified (0ms)


Started GET "/assets/jquery.js?body=1" for 127.0.0.1 at 2012-10-29 21:24:02 +0100
Served asset /jquery.js - 304 Not Modified (0ms)


Started GET "/assets/application.js?body=1" for 127.0.0.1 at 2012-10-29 21:24:02 +0100
Served asset /application.js - 304 Not Modified (0ms)


Started GET "/assets/users.js?body=1" for 127.0.0.1 at 2012-10-29 21:24:02 +0100
Served asset /users.js - 304 Not Modified (0ms)


Started GET "/sessions/logout" for 127.0.0.1 at 2012-10-29 21:24:10 +0100
Processing by SessionsController#show as HTML
  Parameters: {"id"=>"logout"}
  Rendered sessions/show.html.erb within layouts/application (0.0ms)
Completed 200 OK in 9ms (Views: 8.4ms | ActiveRecord: 0.0ms)


Started GET "/assets/application.css?body=1" for 127.0.0.1 at 2012-10-29 21:24:10 +0100
Served asset /application.css - 304 Not Modified (0ms)


Started GET "/assets/sessions.css?body=1" for 127.0.0.1 at 2012-10-29 21:24:10 +0100
Served asset /sessions.css - 304 Not Modified (0ms)


Started GET "/assets/jquery.js?body=1" for 127.0.0.1 at 2012-10-29 21:24:10 +0100
Served asset /jquery.js - 304 Not Modified (0ms)


Started GET "/assets/sessions.js?body=1" for 127.0.0.1 at 2012-10-29 21:24:10 +0100
Served asset /sessions.js - 304 Not Modified (0ms)


Started GET "/assets/users.css?body=1" for 127.0.0.1 at 2012-10-29 21:24:10 +0100
Served asset /users.css - 304 Not Modified (0ms)


Started GET "/assets/jquery_ujs.js?body=1" for 127.0.0.1 at 2012-10-29 21:24:10 +0100
Served asset /jquery_ujs.js - 304 Not Modified (0ms)


Started GET "/assets/users.js?body=1" for 127.0.0.1 at 2012-10-29 21:24:10 +0100
Served asset /users.js - 304 Not Modified (0ms)


Started GET "/assets/application.js?body=1" for 127.0.0.1 at 2012-10-29 21:24:10 +0100
Served asset /application.js - 304 Not Modified (0ms)


Started GET "/sessions/logout" for 127.0.0.1 at 2012-10-29 21:24:29 +0100
Processing by SessionsController#logout as HTML
Redirected to http://localhost:3000/sessions/login
Completed 302 Found in 2ms (ActiveRecord: 0.0ms)


Started GET "/sessions/login" for 127.0.0.1 at 2012-10-29 21:24:29 +0100
Processing by SessionsController#login as HTML
  Rendered sessions/login.html.erb within layouts/application (1.6ms)
Completed 200 OK in 14ms (Views: 13.5ms | ActiveRecord: 0.0ms)


Started GET "/assets/application.css?body=1" for 127.0.0.1 at 2012-10-29 21:24:29 +0100
Served asset /application.css - 304 Not Modified (0ms)


Started GET "/assets/jquery_ujs.js?body=1" for 127.0.0.1 at 2012-10-29 21:24:29 +0100
Served asset /jquery_ujs.js - 304 Not Modified (0ms)


Started GET "/assets/users.css?body=1" for 127.0.0.1 at 2012-10-29 21:24:29 +0100
Served asset /users.css - 304 Not Modified (0ms)


Started GET "/assets/sessions.css?body=1" for 127.0.0.1 at 2012-10-29 21:24:29 +0100
Served asset /sessions.css - 304 Not Modified (0ms)


Started GET "/assets/jquery.js?body=1" for 127.0.0.1 at 2012-10-29 21:24:29 +0100
Served asset /jquery.js - 304 Not Modified (0ms)


Started GET "/assets/users.js?body=1" for 127.0.0.1 at 2012-10-29 21:24:29 +0100
Served asset /users.js - 304 Not Modified (0ms)


Started GET "/assets/sessions.js?body=1" for 127.0.0.1 at 2012-10-29 21:24:29 +0100
Served asset /sessions.js - 304 Not Modified (0ms)


Started GET "/assets/application.js?body=1" for 127.0.0.1 at 2012-10-29 21:24:29 +0100
Served asset /application.js - 304 Not Modified (0ms)


Started GET "/sessions/login" for 127.0.0.1 at 2012-10-29 21:26:52 +0100
Processing by SessionsController#login as HTML
  Rendered sessions/login.html.erb within layouts/application (1.6ms)
Completed 200 OK in 10ms (Views: 9.3ms | ActiveRecord: 0.0ms)


Started GET "/assets/application.css?body=1" for 127.0.0.1 at 2012-10-29 21:26:52 +0100
Served asset /application.css - 304 Not Modified (0ms)


Started GET "/assets/users.css?body=1" for 127.0.0.1 at 2012-10-29 21:26:52 +0100
Served asset /users.css - 304 Not Modified (0ms)


Started GET "/assets/sessions.css?body=1" for 127.0.0.1 at 2012-10-29 21:26:52 +0100
Served asset /sessions.css - 304 Not Modified (0ms)


Started GET "/assets/jquery.js?body=1" for 127.0.0.1 at 2012-10-29 21:26:52 +0100
Served asset /jquery.js - 304 Not Modified (0ms)


Started GET "/assets/jquery_ujs.js?body=1" for 127.0.0.1 at 2012-10-29 21:26:52 +0100
Served asset /jquery_ujs.js - 304 Not Modified (0ms)


Started GET "/assets/sessions.js?body=1" for 127.0.0.1 at 2012-10-29 21:26:52 +0100
Served asset /sessions.js - 304 Not Modified (0ms)


Started GET "/assets/users.js?body=1" for 127.0.0.1 at 2012-10-29 21:26:52 +0100
Served asset /users.js - 304 Not Modified (0ms)


Started GET "/assets/application.js?body=1" for 127.0.0.1 at 2012-10-29 21:26:53 +0100
Served asset /application.js - 304 Not Modified (0ms)


Started POST "/login_attempt" for 127.0.0.1 at 2012-10-29 21:27:30 +0100
Processing by SessionsController#login_attempt as HTML
  Parameters: {"utf8"=>"✓", "authenticity_token"=>"jk3AeT9ZOSvT0Rz/S+z4BqjVdhEglZhTE6/kLQJpsgU=", "username_or_email"=>"blacks85@gmail.com", "login_password"=>"[FILTERED]", "commit"=>"Log In"}
  [1m[35mUser Load (0.1ms)[0m  SELECT "users".* FROM "users" WHERE "users"."email" = 'blacks85@gmail.com' LIMIT 1
Redirected to http://localhost:3000/sessions/home
Completed 302 Found in 24ms (ActiveRecord: 0.6ms)


Started GET "/sessions/home" for 127.0.0.1 at 2012-10-29 21:27:30 +0100
Processing by SessionsController#home as HTML
  [1m[36mUser Load (0.3ms)[0m  [1mSELECT "users".* FROM "users" WHERE "users"."id" = ? LIMIT 1[0m  [["id", 1]]
  Rendered sessions/home.html.erb within layouts/application (1.5ms)
Completed 200 OK in 13ms (Views: 10.4ms | ActiveRecord: 0.3ms)


Started GET "/assets/application.css?body=1" for 127.0.0.1 at 2012-10-29 21:27:30 +0100
Served asset /application.css - 304 Not Modified (0ms)


Started GET "/assets/users.css?body=1" for 127.0.0.1 at 2012-10-29 21:27:30 +0100
Served asset /users.css - 304 Not Modified (0ms)


Started GET "/assets/jquery.js?body=1" for 127.0.0.1 at 2012-10-29 21:27:30 +0100
Served asset /jquery.js - 304 Not Modified (0ms)


Started GET "/assets/sessions.css?body=1" for 127.0.0.1 at 2012-10-29 21:27:30 +0100
Served asset /sessions.css - 304 Not Modified (0ms)


Started GET "/assets/jquery_ujs.js?body=1" for 127.0.0.1 at 2012-10-29 21:27:30 +0100
Served asset /jquery_ujs.js - 304 Not Modified (0ms)


Started GET "/assets/sessions.js?body=1" for 127.0.0.1 at 2012-10-29 21:27:30 +0100
Served asset /sessions.js - 304 Not Modified (0ms)


Started GET "/assets/users.js?body=1" for 127.0.0.1 at 2012-10-29 21:27:30 +0100
Served asset /users.js - 304 Not Modified (0ms)


Started GET "/assets/application.js?body=1" for 127.0.0.1 at 2012-10-29 21:27:30 +0100
Served asset /application.js - 304 Not Modified (0ms)


Started GET "/sessions/home" for 127.0.0.1 at 2012-10-29 21:27:35 +0100
Processing by SessionsController#home as HTML
  [1m[35mUser Load (0.2ms)[0m  SELECT "users".* FROM "users" WHERE "users"."id" = ? LIMIT 1  [["id", 1]]
  Rendered sessions/home.html.erb within layouts/application (0.8ms)
Completed 200 OK in 11ms (Views: 9.3ms | ActiveRecord: 0.2ms)


Started GET "/assets/sessions.css?body=1" for 127.0.0.1 at 2012-10-29 21:27:35 +0100
Served asset /sessions.css - 304 Not Modified (0ms)


Started GET "/assets/application.css?body=1" for 127.0.0.1 at 2012-10-29 21:27:35 +0100
Served asset /application.css - 304 Not Modified (0ms)


Started GET "/assets/jquery_ujs.js?body=1" for 127.0.0.1 at 2012-10-29 21:27:35 +0100
Served asset /jquery_ujs.js - 304 Not Modified (0ms)


Started GET "/assets/sessions.js?body=1" for 127.0.0.1 at 2012-10-29 21:27:35 +0100
Served asset /sessions.js - 304 Not Modified (0ms)


Started GET "/assets/jquery.js?body=1" for 127.0.0.1 at 2012-10-29 21:27:35 +0100
Served asset /jquery.js - 304 Not Modified (0ms)


Started GET "/assets/users.css?body=1" for 127.0.0.1 at 2012-10-29 21:27:35 +0100
Served asset /users.css - 304 Not Modified (0ms)


Started GET "/assets/users.js?body=1" for 127.0.0.1 at 2012-10-29 21:27:35 +0100
Served asset /users.js - 304 Not Modified (0ms)


Started GET "/assets/application.js?body=1" for 127.0.0.1 at 2012-10-29 21:27:35 +0100
Served asset /application.js - 304 Not Modified (0ms)


Started GET "/sessions/home" for 127.0.0.1 at 2012-10-29 21:27:51 +0100
Processing by SessionsController#home as HTML
  [1m[36mUser Load (0.1ms)[0m  [1mSELECT "users".* FROM "users" WHERE "users"."id" = ? LIMIT 1[0m  [["id", 1]]
  Rendered sessions/home.html.erb within layouts/application (1.1ms)
Completed 200 OK in 9ms (Views: 8.1ms | ActiveRecord: 0.1ms)


Started GET "/assets/application.css?body=1" for 127.0.0.1 at 2012-10-29 21:27:51 +0100
Served asset /application.css - 304 Not Modified (0ms)


Started GET "/assets/sessions.css?body=1" for 127.0.0.1 at 2012-10-29 21:27:51 +0100
Served asset /sessions.css - 304 Not Modified (0ms)


Started GET "/assets/jquery.js?body=1" for 127.0.0.1 at 2012-10-29 21:27:51 +0100
Served asset /jquery.js - 304 Not Modified (0ms)


Started GET "/assets/users.css?body=1" for 127.0.0.1 at 2012-10-29 21:27:51 +0100
Served asset /users.css - 304 Not Modified (0ms)


Started GET "/assets/sessions.js?body=1" for 127.0.0.1 at 2012-10-29 21:27:51 +0100
Served asset /sessions.js - 304 Not Modified (0ms)


Started GET "/assets/users.js?body=1" for 127.0.0.1 at 2012-10-29 21:27:51 +0100
Served asset /users.js - 304 Not Modified (0ms)


Started GET "/assets/jquery_ujs.js?body=1" for 127.0.0.1 at 2012-10-29 21:27:51 +0100
Served asset /jquery_ujs.js - 304 Not Modified (0ms)


Started GET "/assets/application.js?body=1" for 127.0.0.1 at 2012-10-29 21:27:51 +0100
Served asset /application.js - 304 Not Modified (0ms)


Started GET "/logout" for 127.0.0.1 at 2012-10-29 21:27:55 +0100
Processing by SessionsController#logout as HTML
Redirected to http://localhost:3000/sessions/login
Completed 302 Found in 1ms (ActiveRecord: 0.0ms)


Started GET "/sessions/login" for 127.0.0.1 at 2012-10-29 21:27:55 +0100
Processing by SessionsController#login as HTML
  Rendered sessions/login.html.erb within layouts/application (1.2ms)
Completed 200 OK in 9ms (Views: 8.5ms | ActiveRecord: 0.0ms)


Started GET "/assets/application.css?body=1" for 127.0.0.1 at 2012-10-29 21:27:55 +0100
Served asset /application.css - 304 Not Modified (0ms)


Started GET "/assets/users.css?body=1" for 127.0.0.1 at 2012-10-29 21:27:55 +0100
Served asset /users.css - 304 Not Modified (0ms)


Started GET "/assets/sessions.css?body=1" for 127.0.0.1 at 2012-10-29 21:27:55 +0100
Served asset /sessions.css - 304 Not Modified (0ms)


Started GET "/assets/jquery_ujs.js?body=1" for 127.0.0.1 at 2012-10-29 21:27:55 +0100
Served asset /jquery_ujs.js - 304 Not Modified (0ms)


Started GET "/assets/sessions.js?body=1" for 127.0.0.1 at 2012-10-29 21:27:55 +0100
Served asset /sessions.js - 304 Not Modified (0ms)


Started GET "/assets/jquery.js?body=1" for 127.0.0.1 at 2012-10-29 21:27:55 +0100
Served asset /jquery.js - 304 Not Modified (0ms)


Started GET "/assets/users.js?body=1" for 127.0.0.1 at 2012-10-29 21:27:55 +0100
Served asset /users.js - 304 Not Modified (0ms)


Started GET "/assets/application.js?body=1" for 127.0.0.1 at 2012-10-29 21:27:55 +0100
Served asset /application.js - 304 Not Modified (0ms)


Started POST "/login_attempt" for 127.0.0.1 at 2012-10-29 21:28:08 +0100
Processing by SessionsController#login_attempt as HTML
  Parameters: {"utf8"=>"✓", "authenticity_token"=>"jk3AeT9ZOSvT0Rz/S+z4BqjVdhEglZhTE6/kLQJpsgU=", "username_or_email"=>"blacks85@gmail.com", "login_password"=>"[FILTERED]", "commit"=>"Log In"}
  [1m[35mUser Load (0.2ms)[0m  SELECT "users".* FROM "users" WHERE "users"."email" = 'blacks85@gmail.com' LIMIT 1
Redirected to http://localhost:3000/sessions/home
Completed 302 Found in 3ms (ActiveRecord: 0.2ms)


Started GET "/sessions/home" for 127.0.0.1 at 2012-10-29 21:28:08 +0100
Processing by SessionsController#home as HTML
  [1m[36mUser Load (0.2ms)[0m  [1mSELECT "users".* FROM "users" WHERE "users"."id" = ? LIMIT 1[0m  [["id", 1]]
  Rendered sessions/home.html.erb within layouts/application (0.5ms)
Completed 200 OK in 10ms (Views: 8.0ms | ActiveRecord: 0.2ms)


Started GET "/assets/application.css?body=1" for 127.0.0.1 at 2012-10-29 21:28:08 +0100
Served asset /application.css - 304 Not Modified (0ms)


Started GET "/assets/users.css?body=1" for 127.0.0.1 at 2012-10-29 21:28:08 +0100
Served asset /users.css - 304 Not Modified (0ms)


Started GET "/assets/jquery.js?body=1" for 127.0.0.1 at 2012-10-29 21:28:08 +0100
Served asset /jquery.js - 304 Not Modified (0ms)


Started GET "/assets/sessions.css?body=1" for 127.0.0.1 at 2012-10-29 21:28:08 +0100
Served asset /sessions.css - 304 Not Modified (0ms)


Started GET "/assets/sessions.js?body=1" for 127.0.0.1 at 2012-10-29 21:28:08 +0100
Served asset /sessions.js - 304 Not Modified (0ms)


Started GET "/assets/jquery_ujs.js?body=1" for 127.0.0.1 at 2012-10-29 21:28:08 +0100
Served asset /jquery_ujs.js - 304 Not Modified (0ms)


Started GET "/assets/users.js?body=1" for 127.0.0.1 at 2012-10-29 21:28:08 +0100
Served asset /users.js - 304 Not Modified (0ms)


Started GET "/assets/application.js?body=1" for 127.0.0.1 at 2012-10-29 21:28:08 +0100
Served asset /application.js - 304 Not Modified (0ms)


Started GET "/sessions/home" for 127.0.0.1 at 2012-10-29 21:29:23 +0100
Processing by SessionsController#home as HTML
  [1m[35mUser Load (0.2ms)[0m  SELECT "users".* FROM "users" WHERE "users"."id" = ? LIMIT 1  [["id", 1]]
  Rendered sessions/home.html.erb within layouts/application (0.6ms)
Completed 200 OK in 28ms (Views: 8.2ms | ActiveRecord: 0.6ms)


Started GET "/assets/jquery_ujs.js?body=1" for 127.0.0.1 at 2012-10-29 21:29:23 +0100
Served asset /jquery_ujs.js - 304 Not Modified (0ms)


Started GET "/assets/sessions.css?body=1" for 127.0.0.1 at 2012-10-29 21:29:23 +0100
Served asset /sessions.css - 304 Not Modified (0ms)


Started GET "/assets/jquery.js?body=1" for 127.0.0.1 at 2012-10-29 21:29:23 +0100
Served asset /jquery.js - 304 Not Modified (0ms)


Started GET "/assets/users.css?body=1" for 127.0.0.1 at 2012-10-29 21:29:23 +0100
Served asset /users.css - 304 Not Modified (0ms)


Started GET "/assets/application.css?body=1" for 127.0.0.1 at 2012-10-29 21:29:23 +0100
Served asset /application.css - 304 Not Modified (0ms)


Started GET "/assets/sessions.js?body=1" for 127.0.0.1 at 2012-10-29 21:29:23 +0100
Served asset /sessions.js - 304 Not Modified (0ms)


Started GET "/assets/users.js?body=1" for 127.0.0.1 at 2012-10-29 21:29:23 +0100
Served asset /users.js - 304 Not Modified (0ms)


Started GET "/assets/application.js?body=1" for 127.0.0.1 at 2012-10-29 21:29:23 +0100
Served asset /application.js - 304 Not Modified (0ms)


Started GET "/logout" for 127.0.0.1 at 2012-10-29 21:29:24 +0100
Processing by SessionsController#logout as HTML
Redirected to http://localhost:3000/sessions/login
Completed 302 Found in 2ms (ActiveRecord: 0.0ms)


Started GET "/sessions/login" for 127.0.0.1 at 2012-10-29 21:29:24 +0100
Processing by SessionsController#login as HTML
  Rendered sessions/login.html.erb within layouts/application (1.3ms)
Completed 200 OK in 10ms (Views: 9.0ms | ActiveRecord: 0.0ms)


Started GET "/assets/application.css?body=1" for 127.0.0.1 at 2012-10-29 21:29:24 +0100
Served asset /application.css - 304 Not Modified (0ms)


Started GET "/assets/sessions.css?body=1" for 127.0.0.1 at 2012-10-29 21:29:24 +0100
Served asset /sessions.css - 304 Not Modified (0ms)


Started GET "/assets/sessions.js?body=1" for 127.0.0.1 at 2012-10-29 21:29:24 +0100
Served asset /sessions.js - 304 Not Modified (0ms)


Started GET "/assets/jquery.js?body=1" for 127.0.0.1 at 2012-10-29 21:29:24 +0100
Served asset /jquery.js - 304 Not Modified (0ms)


Started GET "/assets/jquery_ujs.js?body=1" for 127.0.0.1 at 2012-10-29 21:29:24 +0100
Served asset /jquery_ujs.js - 304 Not Modified (0ms)


Started GET "/assets/users.css?body=1" for 127.0.0.1 at 2012-10-29 21:29:24 +0100
Served asset /users.css - 304 Not Modified (0ms)


Started GET "/assets/users.js?body=1" for 127.0.0.1 at 2012-10-29 21:29:24 +0100
Served asset /users.js - 304 Not Modified (0ms)


Started GET "/assets/application.js?body=1" for 127.0.0.1 at 2012-10-29 21:29:24 +0100
Served asset /application.js - 304 Not Modified (0ms)


Started GET "/users/new" for 127.0.0.1 at 2012-10-29 21:30:05 +0100
Processing by UsersController#new as HTML
  Rendered users/new.html.erb within layouts/application (2.7ms)
Completed 500 Internal Server Error in 17ms

ActionController::RoutingError (No route matches {:controller=>"users", :action=>"create"}):
  app/views/users/new.html.erb:4:in `_app_views_users_new_html_erb__1739783973682703155_70359298756720'


  Rendered /Users/Blacks85/.rvm/gems/ruby-1.9.3-p286/gems/actionpack-3.2.8/lib/action_dispatch/middleware/templates/rescues/routing_error.erb within rescues/layout (0.8ms)


Started GET "/users/signup" for 127.0.0.1 at 2012-10-29 21:30:08 +0100

ActionController::RoutingError (No route matches [GET] "/users/signup"):
  actionpack (3.2.8) lib/action_dispatch/middleware/debug_exceptions.rb:21:in `call'
  actionpack (3.2.8) lib/action_dispatch/middleware/show_exceptions.rb:56:in `call'
  railties (3.2.8) lib/rails/rack/logger.rb:26:in `call_app'
  railties (3.2.8) lib/rails/rack/logger.rb:16:in `call'
  actionpack (3.2.8) lib/action_dispatch/middleware/request_id.rb:22:in `call'
  rack (1.4.1) lib/rack/methodoverride.rb:21:in `call'
  rack (1.4.1) lib/rack/runtime.rb:17:in `call'
  activesupport (3.2.8) lib/active_support/cache/strategy/local_cache.rb:72:in `call'
  rack (1.4.1) lib/rack/lock.rb:15:in `call'
  actionpack (3.2.8) lib/action_dispatch/middleware/static.rb:62:in `call'
  railties (3.2.8) lib/rails/engine.rb:479:in `call'
  railties (3.2.8) lib/rails/application.rb:223:in `call'
  rack (1.4.1) lib/rack/content_length.rb:14:in `call'
  railties (3.2.8) lib/rails/rack/log_tailer.rb:17:in `call'
  rack (1.4.1) lib/rack/handler/webrick.rb:59:in `service'
  /Users/Blacks85/.rvm/rubies/ruby-1.9.3-p286/lib/ruby/1.9.1/webrick/httpserver.rb:138:in `service'
  /Users/Blacks85/.rvm/rubies/ruby-1.9.3-p286/lib/ruby/1.9.1/webrick/httpserver.rb:94:in `run'
  /Users/Blacks85/.rvm/rubies/ruby-1.9.3-p286/lib/ruby/1.9.1/webrick/server.rb:191:in `block in start_thread'


  Rendered /Users/Blacks85/.rvm/gems/ruby-1.9.3-p286/gems/actionpack-3.2.8/lib/action_dispatch/middleware/templates/rescues/routing_error.erb within rescues/layout (0.8ms)


Started GET "/users/new" for 127.0.0.1 at 2012-10-29 21:30:26 +0100
Processing by UsersController#new as HTML
  Rendered users/new.html.erb within layouts/application (3.0ms)
Completed 500 Internal Server Error in 6ms

ActionController::RoutingError (No route matches {:controller=>"users", :action=>"create"}):
  app/views/users/new.html.erb:4:in `_app_views_users_new_html_erb__1739783973682703155_70359298756720'


  Rendered /Users/Blacks85/.rvm/gems/ruby-1.9.3-p286/gems/actionpack-3.2.8/lib/action_dispatch/middleware/templates/rescues/routing_error.erb within rescues/layout (0.9ms)


Started GET "/users/new" for 127.0.0.1 at 2012-10-29 21:31:21 +0100
Processing by UsersController#new as HTML
  Rendered users/new.html.erb within layouts/application (2.0ms)
Completed 200 OK in 21ms (Views: 10.1ms | ActiveRecord: 0.5ms)


Started GET "/assets/sessions.css?body=1" for 127.0.0.1 at 2012-10-29 21:31:22 +0100
Served asset /sessions.css - 304 Not Modified (0ms)


Started GET "/assets/jquery.js?body=1" for 127.0.0.1 at 2012-10-29 21:31:22 +0100
Served asset /jquery.js - 304 Not Modified (0ms)


Started GET "/assets/sessions.js?body=1" for 127.0.0.1 at 2012-10-29 21:31:22 +0100
Served asset /sessions.js - 304 Not Modified (0ms)


Started GET "/assets/application.css?body=1" for 127.0.0.1 at 2012-10-29 21:31:22 +0100
Served asset /application.css - 304 Not Modified (0ms)


Started GET "/assets/jquery_ujs.js?body=1" for 127.0.0.1 at 2012-10-29 21:31:22 +0100
Served asset /jquery_ujs.js - 304 Not Modified (0ms)


Started GET "/assets/users.css?body=1" for 127.0.0.1 at 2012-10-29 21:31:22 +0100
Served asset /users.css - 304 Not Modified (0ms)


Started GET "/assets/users.js?body=1" for 127.0.0.1 at 2012-10-29 21:31:22 +0100
Served asset /users.js - 304 Not Modified (0ms)


Started GET "/assets/application.js?body=1" for 127.0.0.1 at 2012-10-29 21:31:22 +0100
Served asset /application.js - 304 Not Modified (0ms)


Started POST "/create" for 127.0.0.1 at 2012-10-29 21:31:53 +0100
Processing by UsersController#create as HTML
  Parameters: {"utf8"=>"✓", "authenticity_token"=>"jk3AeT9ZOSvT0Rz/S+z4BqjVdhEglZhTE6/kLQJpsgU=", "user"=>{"username"=>"gibbo", "email"=>"bana@nana.it", "password"=>"[FILTERED]", "password_confirmation"=>"[FILTERED]"}, "commit"=>"Signup"}
  [1m[36m (0.1ms)[0m  [1mbegin transaction[0m
  [1m[35mUser Exists (0.2ms)[0m  SELECT 1 AS one FROM "users" WHERE "users"."email" = 'bana@nana.it' LIMIT 1
  [1m[36mSQL (0.7ms)[0m  [1mINSERT INTO "users" ("created_at", "email", "encrypted_password", "salt", "updated_at", "username") VALUES (?, ?, ?, ?, ?, ?)[0m  [["created_at", Mon, 29 Oct 2012 20:31:53 UTC +00:00], ["email", "bana@nana.it"], ["encrypted_password", nil], ["salt", nil], ["updated_at", Mon, 29 Oct 2012 20:31:53 UTC +00:00], ["username", "gibbo"]]
  [1m[35m (9.7ms)[0m  commit transaction
  Rendered users/new.html.erb within layouts/application (3.4ms)
Completed 200 OK in 32ms (Views: 13.4ms | ActiveRecord: 10.6ms)


Started GET "/assets/application.css?body=1" for 127.0.0.1 at 2012-10-29 21:31:53 +0100
Served asset /application.css - 304 Not Modified (0ms)


Started GET "/assets/sessions.css?body=1" for 127.0.0.1 at 2012-10-29 21:31:53 +0100
Served asset /sessions.css - 304 Not Modified (0ms)


Started GET "/assets/users.css?body=1" for 127.0.0.1 at 2012-10-29 21:31:53 +0100
Served asset /users.css - 304 Not Modified (0ms)


Started GET "/assets/jquery_ujs.js?body=1" for 127.0.0.1 at 2012-10-29 21:31:53 +0100
Served asset /jquery_ujs.js - 304 Not Modified (0ms)


Started GET "/assets/sessions.js?body=1" for 127.0.0.1 at 2012-10-29 21:31:53 +0100
Served asset /sessions.js - 304 Not Modified (0ms)


Started GET "/assets/jquery.js?body=1" for 127.0.0.1 at 2012-10-29 21:31:53 +0100
Served asset /jquery.js - 304 Not Modified (0ms)


Started GET "/assets/users.js?body=1" for 127.0.0.1 at 2012-10-29 21:31:53 +0100
Served asset /users.js - 304 Not Modified (0ms)


Started GET "/assets/application.js?body=1" for 127.0.0.1 at 2012-10-29 21:31:53 +0100
Served asset /application.js - 304 Not Modified (0ms)
Connecting to database specified by database.yml


Started GET "/users/create" for 127.0.0.1 at 2012-10-29 21:32:18 +0100

ActionController::RoutingError (No route matches [GET] "/users/create"):
  actionpack (3.2.8) lib/action_dispatch/middleware/debug_exceptions.rb:21:in `call'
  actionpack (3.2.8) lib/action_dispatch/middleware/show_exceptions.rb:56:in `call'
  railties (3.2.8) lib/rails/rack/logger.rb:26:in `call_app'
  railties (3.2.8) lib/rails/rack/logger.rb:16:in `call'
  actionpack (3.2.8) lib/action_dispatch/middleware/request_id.rb:22:in `call'
  rack (1.4.1) lib/rack/methodoverride.rb:21:in `call'
  rack (1.4.1) lib/rack/runtime.rb:17:in `call'
  activesupport (3.2.8) lib/active_support/cache/strategy/local_cache.rb:72:in `call'
  rack (1.4.1) lib/rack/lock.rb:15:in `call'
  actionpack (3.2.8) lib/action_dispatch/middleware/static.rb:62:in `call'
  railties (3.2.8) lib/rails/engine.rb:479:in `call'
  railties (3.2.8) lib/rails/application.rb:223:in `call'
  rack (1.4.1) lib/rack/content_length.rb:14:in `call'
  railties (3.2.8) lib/rails/rack/log_tailer.rb:17:in `call'
  rack (1.4.1) lib/rack/handler/webrick.rb:59:in `service'
  /Users/Blacks85/.rvm/rubies/ruby-1.9.3-p286/lib/ruby/1.9.1/webrick/httpserver.rb:138:in `service'
  /Users/Blacks85/.rvm/rubies/ruby-1.9.3-p286/lib/ruby/1.9.1/webrick/httpserver.rb:94:in `run'
  /Users/Blacks85/.rvm/rubies/ruby-1.9.3-p286/lib/ruby/1.9.1/webrick/server.rb:191:in `block in start_thread'


  Rendered /Users/Blacks85/.rvm/gems/ruby-1.9.3-p286/gems/actionpack-3.2.8/lib/action_dispatch/middleware/templates/rescues/routing_error.erb within rescues/layout (0.9ms)


Started GET "/users/new" for 127.0.0.1 at 2012-10-29 21:32:24 +0100
Processing by UsersController#new as HTML
  Rendered users/new.html.erb within layouts/application (1.8ms)
Completed 200 OK in 9ms (Views: 8.8ms | ActiveRecord: 0.0ms)


Started GET "/assets/sessions.css?body=1" for 127.0.0.1 at 2012-10-29 21:32:24 +0100
Served asset /sessions.css - 304 Not Modified (0ms)


Started GET "/assets/users.css?body=1" for 127.0.0.1 at 2012-10-29 21:32:24 +0100
Served asset /users.css - 304 Not Modified (0ms)


Started GET "/assets/application.css?body=1" for 127.0.0.1 at 2012-10-29 21:32:24 +0100
Served asset /application.css - 304 Not Modified (0ms)


Started GET "/assets/jquery.js?body=1" for 127.0.0.1 at 2012-10-29 21:32:24 +0100
Served asset /jquery.js - 304 Not Modified (0ms)


Started GET "/assets/sessions.js?body=1" for 127.0.0.1 at 2012-10-29 21:32:24 +0100
Served asset /sessions.js - 304 Not Modified (0ms)


Started GET "/assets/jquery_ujs.js?body=1" for 127.0.0.1 at 2012-10-29 21:32:24 +0100
Served asset /jquery_ujs.js - 304 Not Modified (0ms)


Started GET "/assets/users.js?body=1" for 127.0.0.1 at 2012-10-29 21:32:24 +0100
Served asset /users.js - 304 Not Modified (0ms)


Started GET "/assets/application.js?body=1" for 127.0.0.1 at 2012-10-29 21:32:24 +0100
Served asset /application.js - 304 Not Modified (0ms)


Started POST "/create" for 127.0.0.1 at 2012-10-29 21:33:18 +0100
Processing by UsersController#create as HTML
  Parameters: {"utf8"=>"✓", "authenticity_token"=>"jk3AeT9ZOSvT0Rz/S+z4BqjVdhEglZhTE6/kLQJpsgU=", "user"=>{"username"=>"Blacks85", "email"=>"asd@asd.it", "password"=>"[FILTERED]", "password_confirmation"=>"[FILTERED]"}, "commit"=>"Signup"}
  [1m[36m (0.1ms)[0m  [1mbegin transaction[0m
  [1m[35mUser Exists (0.2ms)[0m  SELECT 1 AS one FROM "users" WHERE "users"."email" = 'asd@asd.it' LIMIT 1
  [1m[36mSQL (0.5ms)[0m  [1mINSERT INTO "users" ("created_at", "email", "encrypted_password", "salt", "updated_at", "username") VALUES (?, ?, ?, ?, ?, ?)[0m  [["created_at", Mon, 29 Oct 2012 20:33:18 UTC +00:00], ["email", "asd@asd.it"], ["encrypted_password", nil], ["salt", nil], ["updated_at", Mon, 29 Oct 2012 20:33:18 UTC +00:00], ["username", "Blacks85"]]
  [1m[35m (2.3ms)[0m  commit transaction
Redirected to http://localhost:3000/sessions/login
Completed 302 Found in 21ms (ActiveRecord: 3.5ms)


Started GET "/sessions/login" for 127.0.0.1 at 2012-10-29 21:33:18 +0100
Processing by SessionsController#login as HTML
  Rendered sessions/login.html.erb within layouts/application (1.2ms)
Completed 200 OK in 9ms (Views: 8.7ms | ActiveRecord: 0.0ms)


Started GET "/assets/jquery_ujs.js?body=1" for 127.0.0.1 at 2012-10-29 21:33:18 +0100
Served asset /jquery_ujs.js - 304 Not Modified (0ms)


Started GET "/assets/jquery.js?body=1" for 127.0.0.1 at 2012-10-29 21:33:18 +0100
Served asset /jquery.js - 304 Not Modified (0ms)


Started GET "/assets/application.css?body=1" for 127.0.0.1 at 2012-10-29 21:33:18 +0100
Served asset /application.css - 304 Not Modified (0ms)


Started GET "/assets/users.css?body=1" for 127.0.0.1 at 2012-10-29 21:33:18 +0100
Served asset /users.css - 304 Not Modified (0ms)


Started GET "/assets/sessions.js?body=1" for 127.0.0.1 at 2012-10-29 21:33:18 +0100
Served asset /sessions.js - 304 Not Modified (0ms)


Started GET "/assets/sessions.css?body=1" for 127.0.0.1 at 2012-10-29 21:33:18 +0100
Served asset /sessions.css - 304 Not Modified (0ms)


Started GET "/assets/users.js?body=1" for 127.0.0.1 at 2012-10-29 21:33:18 +0100
Served asset /users.js - 304 Not Modified (0ms)


Started GET "/assets/application.js?body=1" for 127.0.0.1 at 2012-10-29 21:33:18 +0100
Served asset /application.js - 304 Not Modified (0ms)
